[ 2016-07-13T22:58:56+08:00 ] 127.0.0.1 /index.php/Admin/Goods/ajaxDelPic/pic_id/
INFO: [ app_begin ] --START--
INFO: Run Behavior\ReadHtmlCacheBehavior [ RunTime:0.001001s ]
INFO: [ app_begin ] --END-- [ RunTime:0.001001s ]
SQL: SHOW COLUMNS FROM `php38_privilege` [ RunTime:0.0020s ]
ERR: 非法操作:ajaxDelPic

[ 2016-07-13T23:25:12+08:00 ] 127.0.0.1 /index.php/Admin/Goods/ajaxDelPic/pic_id/
INFO: [ app_begin ] --START--
INFO: Run Behavior\ReadHtmlCacheBehavior [ RunTime:0.001000s ]
INFO: [ app_begin ] --END-- [ RunTime:0.001000s ]
SQL: SHOW COLUMNS FROM `php38_privilege` [ RunTime:0.0020s ]
SQL: SHOW COLUMNS FROM `php38_goods_pics` [ RunTime:0.0020s ]
SQL: SELECT * FROM `php38_goods_pics` WHERE `id` = 0 LIMIT 1   [ RunTime:0.0000s ]
NOTIC: [2] unlink(./Public/Uploads/): Permission denied E:\www\learn\php38\Application\Admin\Controller\GoodsController.class.php 第 144 行.
NOTIC: [2] unlink(./Public/Uploads/): Permission denied E:\www\learn\php38\Application\Admin\Controller\GoodsController.class.php 第 145 行.
NOTIC: [2] unlink(./Public/Uploads/): Permission denied E:\www\learn\php38\Application\Admin\Controller\GoodsController.class.php 第 146 行.
INFO: [ app_end ] --START--
INFO: Run Behavior\ShowPageTraceBehavior [ RunTime:0.000000s ]
INFO: [ app_end ] --END-- [ RunTime:0.000000s ]

[ 2016-07-13T23:32:42+08:00 ] 127.0.0.1 /index.php/Admin/Goods/ajaxDelPic/pic_id/
INFO: [ app_begin ] --START--
INFO: Run Behavior\ReadHtmlCacheBehavior [ RunTime:0.001000s ]
INFO: [ app_begin ] --END-- [ RunTime:0.001000s ]
SQL: SHOW COLUMNS FROM `php38_privilege` [ RunTime:0.0020s ]
SQL: SHOW COLUMNS FROM `php38_goods_pics` [ RunTime:0.0020s ]
SQL: SELECT * FROM `php38_goods_pics` WHERE `id` = 0 LIMIT 1   [ RunTime:0.0000s ]
NOTIC: [2] unlink(./Public/Uploads/): Permission denied E:\www\learn\php38\Application\Admin\Controller\GoodsController.class.php 第 144 行.
NOTIC: [2] unlink(./Public/Uploads/): Permission denied E:\www\learn\php38\Application\Admin\Controller\GoodsController.class.php 第 145 行.
NOTIC: [2] unlink(./Public/Uploads/): Permission denied E:\www\learn\php38\Application\Admin\Controller\GoodsController.class.php 第 146 行.
INFO: [ app_end ] --START--
INFO: Run Behavior\ShowPageTraceBehavior [ RunTime:0.000000s ]
INFO: [ app_end ] --END-- [ RunTime:0.001000s ]

[ 2016-07-13T23:35:49+08:00 ] 127.0.0.1 /index.php/Admin/Goods/ajaxDelPic/pic_id/
INFO: [ app_begin ] --START--
INFO: Run Behavior\ReadHtmlCacheBehavior [ RunTime:0.000000s ]
INFO: [ app_begin ] --END-- [ RunTime:0.001000s ]
SQL: SHOW COLUMNS FROM `php38_privilege` [ RunTime:0.0020s ]
SQL: SHOW COLUMNS FROM `php38_goods_pics` [ RunTime:0.0020s ]
SQL: SELECT * FROM `php38_goods_pics` WHERE `id` = 0 LIMIT 1   [ RunTime:0.0000s ]
NOTIC: [2] unlink(./Public/Uploads/): Permission denied E:\www\learn\php38\Application\Admin\Controller\GoodsController.class.php 第 145 行.
NOTIC: [2] unlink(./Public/Uploads/): Permission denied E:\www\learn\php38\Application\Admin\Controller\GoodsController.class.php 第 146 行.
NOTIC: [2] unlink(./Public/Uploads/): Permission denied E:\www\learn\php38\Application\Admin\Controller\GoodsController.class.php 第 147 行.
INFO: [ app_end ] --START--
INFO: Run Behavior\ShowPageTraceBehavior [ RunTime:0.001000s ]
INFO: [ app_end ] --END-- [ RunTime:0.001000s ]

[ 2016-07-13T23:38:20+08:00 ] 127.0.0.1 /index.php/Admin/Goods/ajaxDelPic/pic_id/$v['id']
INFO: [ app_begin ] --START--
INFO: Run Behavior\ReadHtmlCacheBehavior [ RunTime:0.000000s ]
INFO: [ app_begin ] --END-- [ RunTime:0.001000s ]
SQL: SHOW COLUMNS FROM `php38_privilege` [ RunTime:0.0020s ]
SQL: SHOW COLUMNS FROM `php38_goods_pics` [ RunTime:0.0020s ]
SQL: SELECT * FROM `php38_goods_pics` WHERE `id` = 0 LIMIT 1   [ RunTime:0.0000s ]
NOTIC: [2] unlink(./Public/Uploads/): Permission denied E:\www\learn\php38\Application\Admin\Controller\GoodsController.class.php 第 144 行.
NOTIC: [2] unlink(./Public/Uploads/): Permission denied E:\www\learn\php38\Application\Admin\Controller\GoodsController.class.php 第 145 行.
NOTIC: [2] unlink(./Public/Uploads/): Permission denied E:\www\learn\php38\Application\Admin\Controller\GoodsController.class.php 第 146 行.
SQL: DELETE FROM `php38_goods_pics` WHERE `id` = 0 [ RunTime:0.0050s ]
INFO: [ app_end ] --START--
INFO: Run Behavior\ShowPageTraceBehavior [ RunTime:0.000000s ]
INFO: [ app_end ] --END-- [ RunTime:0.001000s ]

[ 2016-07-13T23:39:30+08:00 ] 127.0.0.1 /index.php/Admin/Goods/ajaxDelPic/pic_id/3
INFO: [ app_begin ] --START--
INFO: Run Behavior\ReadHtmlCacheBehavior [ RunTime:0.001000s ]
INFO: [ app_begin ] --END-- [ RunTime:0.001000s ]
SQL: SHOW COLUMNS FROM `php38_privilege` [ RunTime:0.0020s ]
SQL: SHOW COLUMNS FROM `php38_goods_pics` [ RunTime:0.0020s ]
SQL: SELECT * FROM `php38_goods_pics` WHERE `id` = 3 LIMIT 1   [ RunTime:0.0000s ]
NOTIC: [2] unlink(./Public/Uploads/): Permission denied E:\www\learn\php38\Application\Admin\Controller\GoodsController.class.php 第 144 行.
SQL: DELETE FROM `php38_goods_pics` WHERE `id` = 3 [ RunTime:0.0000s ]
INFO: [ app_end ] --START--
INFO: Run Behavior\ShowPageTraceBehavior [ RunTime:0.001000s ]
INFO: [ app_end ] --END-- [ RunTime:0.001000s ]

[ 2016-07-13T23:42:02+08:00 ] 127.0.0.1 /index.php/Admin/Goods/ajaxDelPic/pic_id/5
INFO: [ app_begin ] --START--
INFO: Run Behavior\ReadHtmlCacheBehavior [ RunTime:0.002000s ]
INFO: [ app_begin ] --END-- [ RunTime:0.002000s ]
SQL: SHOW COLUMNS FROM `php38_privilege` [ RunTime:0.0020s ]
SQL: SHOW COLUMNS FROM `php38_goods_pics` [ RunTime:0.0030s ]
SQL: SELECT * FROM `php38_goods_pics` WHERE `id` = 5 LIMIT 1   [ RunTime:0.0000s ]
SQL: DELETE FROM `php38_goods_pics` WHERE `id` = 5 [ RunTime:0.0000s ]
INFO: [ app_end ] --START--
INFO: Run Behavior\ShowPageTraceBehavior [ RunTime:0.000000s ]
INFO: [ app_end ] --END-- [ RunTime:0.001000s ]

[ 2016-07-13T23:49:55+08:00 ] 127.0.0.1 /index.php/Admin/Goods/ajaxDelPic/pic_id/6
INFO: [ app_begin ] --START--
INFO: Run Behavior\ReadHtmlCacheBehavior [ RunTime:0.000000s ]
INFO: [ app_begin ] --END-- [ RunTime:0.001001s ]
SQL: SHOW COLUMNS FROM `php38_privilege` [ RunTime:0.0030s ]
SQL: SELECT count(*) has
					FROM php38_admin_role a
					LEFT JOIN php38_role_pri b ON a.role_id = b.role_id
					LEFT JOIN php38_privilege c ON b.pri_id=c.id
					WHERE a.admin_id=8 AND c.module_name="Admin" AND c.controller_name="Goods" AND c.action_name="ajaxDelPic" [ RunTime:0.0010s ]

[ 2016-07-13T23:54:32+08:00 ] 127.0.0.1 /index.php/Admin/Goods/ajaxDelPic/pic_id/6
INFO: [ app_begin ] --START--
INFO: Run Behavior\ReadHtmlCacheBehavior [ RunTime:0.001000s ]
INFO: [ app_begin ] --END-- [ RunTime:0.001000s ]
SQL: SHOW COLUMNS FROM `php38_privilege` [ RunTime:0.0020s ]
SQL: SELECT count(*) has
					FROM php38_admin_role a
					LEFT JOIN php38_role_pri b ON a.role_id = b.role_id
					LEFT JOIN php38_privilege c ON b.pri_id=c.id
					WHERE a.admin_id=8 AND c.module_name="Admin" AND c.controller_name="Goods" AND c.action_name="ajaxDelPic" [ RunTime:0.0000s ]
SQL: SHOW COLUMNS FROM `php38_goods_pics` [ RunTime:0.0020s ]
SQL: SELECT * FROM `php38_goods_pics` WHERE `id` = 6 LIMIT 1   [ RunTime:0.0010s ]
SQL: DELETE FROM `php38_goods_pics` WHERE `id` = 6 [ RunTime:0.0010s ]
INFO: [ app_end ] --START--
INFO: Run Behavior\ShowPageTraceBehavior [ RunTime:0.000000s ]
INFO: [ app_end ] --END-- [ RunTime:0.001000s ]

