[ 2016-07-27T12:20:54+08:00 ] 127.0.0.1 /index.php/Admin/Goods/ajaxGetAttr/type_id/2
INFO: [ app_begin ] --START--
INFO: Run Behavior\ReadHtmlCacheBehavior [ RunTime:0.000375s ]
INFO: [ app_begin ] --END-- [ RunTime:0.000652s ]
SQL: SHOW COLUMNS FROM `php38_privilege` [ RunTime:0.0131s ]
SQL: SHOW COLUMNS FROM `php38_attribute` [ RunTime:0.0752s ]
SQL: SELECT * FROM `php38_attribute` WHERE `type_id` = '2'  [ RunTime:0.0006s ]
INFO: [ app_end ] --START--
INFO: Run Behavior\ShowPageTraceBehavior [ RunTime:0.001003s ]
INFO: [ app_end ] --END-- [ RunTime:0.001201s ]

[ 2016-07-27T12:20:55+08:00 ] 127.0.0.1 /index.php/Admin/Goods/ajaxGetAttr/type_id/1
INFO: [ app_begin ] --START--
INFO: Run Behavior\ReadHtmlCacheBehavior [ RunTime:0.000303s ]
INFO: [ app_begin ] --END-- [ RunTime:0.000562s ]
SQL: SHOW COLUMNS FROM `php38_privilege` [ RunTime:0.0024s ]
SQL: SHOW COLUMNS FROM `php38_attribute` [ RunTime:0.0021s ]
SQL: SELECT * FROM `php38_attribute` WHERE `type_id` = '1'  [ RunTime:0.0002s ]
INFO: [ app_end ] --START--
INFO: Run Behavior\ShowPageTraceBehavior [ RunTime:0.000325s ]
INFO: [ app_end ] --END-- [ RunTime:0.000400s ]

[ 2016-07-27T12:20:57+08:00 ] 127.0.0.1 /index.php/Admin/Goods/ajaxGetAttr/type_id/2
INFO: [ app_begin ] --START--
INFO: Run Behavior\ReadHtmlCacheBehavior [ RunTime:0.000302s ]
INFO: [ app_begin ] --END-- [ RunTime:0.000565s ]
SQL: SHOW COLUMNS FROM `php38_privilege` [ RunTime:0.0026s ]
SQL: SHOW COLUMNS FROM `php38_attribute` [ RunTime:0.0021s ]
SQL: SELECT * FROM `php38_attribute` WHERE `type_id` = '2'  [ RunTime:0.0002s ]
INFO: [ app_end ] --START--
INFO: Run Behavior\ShowPageTraceBehavior [ RunTime:0.000327s ]
INFO: [ app_end ] --END-- [ RunTime:0.000401s ]

[ 2016-07-27T12:20:58+08:00 ] 127.0.0.1 /index.php/Admin/Goods/ajaxGetAttr/type_id/3
INFO: [ app_begin ] --START--
INFO: Run Behavior\ReadHtmlCacheBehavior [ RunTime:0.000303s ]
INFO: [ app_begin ] --END-- [ RunTime:0.000568s ]
SQL: SHOW COLUMNS FROM `php38_privilege` [ RunTime:0.0024s ]
SQL: SHOW COLUMNS FROM `php38_attribute` [ RunTime:0.0019s ]
SQL: SELECT * FROM `php38_attribute` WHERE `type_id` = '3'  [ RunTime:0.0002s ]
INFO: [ app_end ] --START--
INFO: Run Behavior\ShowPageTraceBehavior [ RunTime:0.000321s ]
INFO: [ app_end ] --END-- [ RunTime:0.000395s ]

[ 2016-07-27T12:20:59+08:00 ] 127.0.0.1 /index.php/Admin/Goods/ajaxGetAttr/type_id/
INFO: [ app_begin ] --START--
INFO: Run Behavior\ReadHtmlCacheBehavior [ RunTime:0.000307s ]
INFO: [ app_begin ] --END-- [ RunTime:0.000571s ]
SQL: SHOW COLUMNS FROM `php38_privilege` [ RunTime:0.0023s ]

[ 2016-07-27T12:21:00+08:00 ] 127.0.0.1 /index.php/Admin/Goods/ajaxGetAttr/type_id/1
INFO: [ app_begin ] --START--
INFO: Run Behavior\ReadHtmlCacheBehavior [ RunTime:0.000300s ]
INFO: [ app_begin ] --END-- [ RunTime:0.000552s ]
SQL: SHOW COLUMNS FROM `php38_privilege` [ RunTime:0.0024s ]
SQL: SHOW COLUMNS FROM `php38_attribute` [ RunTime:0.0024s ]
SQL: SELECT * FROM `php38_attribute` WHERE `type_id` = '1'  [ RunTime:0.0003s ]
INFO: [ app_end ] --START--
INFO: Run Behavior\ShowPageTraceBehavior [ RunTime:0.000330s ]
INFO: [ app_end ] --END-- [ RunTime:0.000405s ]

[ 2016-07-27T12:24:56+08:00 ] 127.0.0.1 /index.php/Admin/Goods/ajaxGetAttr/type_id/3
INFO: [ app_begin ] --START--
INFO: Run Behavior\ReadHtmlCacheBehavior [ RunTime:0.000302s ]
INFO: [ app_begin ] --END-- [ RunTime:0.000571s ]
SQL: SHOW COLUMNS FROM `php38_privilege` [ RunTime:0.0121s ]
SQL: SHOW COLUMNS FROM `php38_attribute` [ RunTime:0.0205s ]
SQL: SELECT * FROM `php38_attribute` WHERE `type_id` = '3'  [ RunTime:0.0003s ]
INFO: [ app_end ] --START--
INFO: Run Behavior\ShowPageTraceBehavior [ RunTime:0.000349s ]
INFO: [ app_end ] --END-- [ RunTime:0.000424s ]

