[ 2016-07-25T22:12:29+08:00 ] 127.0.0.1 /index.php/Admin/Index/__GROUP__/Order/orderList
ERR: 非法操作:__GROUP__

[ 2016-07-25T22:12:29+08:00 ] 127.0.0.1 /index.php/Admin/Index/__GROUP__/Goods/goodsList
ERR: 非法操作:__GROUP__

[ 2016-07-25T22:12:30+08:00 ] 127.0.0.1 /index.php/Admin/Index/__GROUP__/Index/main
ERR: 非法操作:__GROUP__

[ 2016-07-25T22:12:40+08:00 ] 127.0.0.1 /index.php/Admin/Index/__GROUP__/Comment/commentList
ERR: 非法操作:__GROUP__

[ 2016-07-25T22:12:41+08:00 ] 127.0.0.1 /index.php/Admin/Index/__GROUP__/User/userList
ERR: 非法操作:__GROUP__

[ 2016-07-25T22:12:41+08:00 ] 127.0.0.1 /index.php/Admin/Index/__GROUP__/Comment/commentList
ERR: 非法操作:__GROUP__

[ 2016-07-25T22:12:42+08:00 ] 127.0.0.1 /index.php/Admin/Index/__GROUP__/Order/orderList
ERR: 非法操作:__GROUP__

[ 2016-07-25T22:12:42+08:00 ] 127.0.0.1 /index.php/Admin/Index/__GROUP__/Goods/goodsList
ERR: 非法操作:__GROUP__

[ 2016-07-25T22:12:43+08:00 ] 127.0.0.1 /index.php/Admin/Index/__GROUP__/Index/main
ERR: 非法操作:__GROUP__

[ 2016-07-25T22:12:43+08:00 ] 127.0.0.1 /index.php/Admin/Index/__GROUP__/Goods/goodsList
ERR: 非法操作:__GROUP__

[ 2016-07-25T22:12:43+08:00 ] 127.0.0.1 /index.php/Admin/Index/__GROUP__/Order/orderList
ERR: 非法操作:__GROUP__

[ 2016-07-25T22:12:44+08:00 ] 127.0.0.1 /index.php/Admin/Index/__GROUP__/Goods/goodsList
ERR: 非法操作:__GROUP__

[ 2016-07-25T22:12:44+08:00 ] 127.0.0.1 /index.php/Admin/Index/__GROUP__/Index/main
ERR: 非法操作:__GROUP__

[ 2016-07-25T22:21:38+08:00 ] 127.0.0.1 /index.php/Admin/Goods/ajaxGetAttr/type_id/1
INFO: [ app_begin ] --START--
INFO: Run Behavior\ReadHtmlCacheBehavior [ RunTime:0.000000s ]
INFO: [ app_begin ] --END-- [ RunTime:0.001000s ]
SQL: SHOW COLUMNS FROM `php38_privilege` [ RunTime:0.0020s ]
ERR: 非法操作:ajaxGetAttr

[ 2016-07-25T22:21:41+08:00 ] 127.0.0.1 /index.php/Admin/Goods/ajaxGetAttr/type_id/2
INFO: [ app_begin ] --START--
INFO: Run Behavior\ReadHtmlCacheBehavior [ RunTime:0.001000s ]
INFO: [ app_begin ] --END-- [ RunTime:0.001000s ]
SQL: SHOW COLUMNS FROM `php38_privilege` [ RunTime:0.0020s ]
ERR: 非法操作:ajaxGetAttr

[ 2016-07-25T22:21:43+08:00 ] 127.0.0.1 /index.php/Admin/Goods/ajaxGetAttr/type_id/3
INFO: [ app_begin ] --START--
INFO: Run Behavior\ReadHtmlCacheBehavior [ RunTime:0.000000s ]
INFO: [ app_begin ] --END-- [ RunTime:0.000000s ]
SQL: SHOW COLUMNS FROM `php38_privilege` [ RunTime:0.0020s ]
ERR: 非法操作:ajaxGetAttr

[ 2016-07-25T22:21:44+08:00 ] 127.0.0.1 /index.php/Admin/Goods/ajaxGetAttr/type_id/4
INFO: [ app_begin ] --START--
INFO: Run Behavior\ReadHtmlCacheBehavior [ RunTime:0.000000s ]
INFO: [ app_begin ] --END-- [ RunTime:0.001000s ]
SQL: SHOW COLUMNS FROM `php38_privilege` [ RunTime:0.0020s ]
ERR: 非法操作:ajaxGetAttr

[ 2016-07-25T22:50:15+08:00 ] 127.0.0.1 /index.php/Admin/Goods/ajaxGetAttr/type_id/1
INFO: [ app_begin ] --START--
INFO: Run Behavior\ReadHtmlCacheBehavior [ RunTime:0.000000s ]
INFO: [ app_begin ] --END-- [ RunTime:0.000000s ]
SQL: SHOW COLUMNS FROM `php38_privilege` [ RunTime:0.0020s ]
SQL: SHOW COLUMNS FROM `php38_attribute` [ RunTime:0.0020s ]
SQL: SELECT * FROM `php38_attribute` WHERE `type_id` = '1'  [ RunTime:0.0000s ]
INFO: [ app_end ] --START--
INFO: Run Behavior\ShowPageTraceBehavior [ RunTime:0.001000s ]
INFO: [ app_end ] --END-- [ RunTime:0.001000s ]

[ 2016-07-25T22:50:16+08:00 ] 127.0.0.1 /index.php/Admin/Goods/ajaxGetAttr/type_id/
INFO: [ app_begin ] --START--
INFO: Run Behavior\ReadHtmlCacheBehavior [ RunTime:0.001001s ]
INFO: [ app_begin ] --END-- [ RunTime:0.001001s ]
SQL: SHOW COLUMNS FROM `php38_privilege` [ RunTime:0.0020s ]

[ 2016-07-25T22:50:17+08:00 ] 127.0.0.1 /index.php/Admin/Goods/ajaxGetAttr/type_id/1
INFO: [ app_begin ] --START--
INFO: Run Behavior\ReadHtmlCacheBehavior [ RunTime:0.000000s ]
INFO: [ app_begin ] --END-- [ RunTime:0.000000s ]
SQL: SHOW COLUMNS FROM `php38_privilege` [ RunTime:0.0020s ]
SQL: SHOW COLUMNS FROM `php38_attribute` [ RunTime:0.0020s ]
SQL: SELECT * FROM `php38_attribute` WHERE `type_id` = '1'  [ RunTime:0.0000s ]
INFO: [ app_end ] --START--
INFO: Run Behavior\ShowPageTraceBehavior [ RunTime:0.001000s ]
INFO: [ app_end ] --END-- [ RunTime:0.001000s ]

[ 2016-07-25T22:50:18+08:00 ] 127.0.0.1 /index.php/Admin/Goods/ajaxGetAttr/type_id/2
INFO: [ app_begin ] --START--
INFO: Run Behavior\ReadHtmlCacheBehavior [ RunTime:0.000000s ]
INFO: [ app_begin ] --END-- [ RunTime:0.001000s ]
SQL: SHOW COLUMNS FROM `php38_privilege` [ RunTime:0.0040s ]
SQL: SHOW COLUMNS FROM `php38_attribute` [ RunTime:0.0020s ]
SQL: SELECT * FROM `php38_attribute` WHERE `type_id` = '2'  [ RunTime:0.0010s ]
INFO: [ app_end ] --START--
INFO: Run Behavior\ShowPageTraceBehavior [ RunTime:0.000000s ]
INFO: [ app_end ] --END-- [ RunTime:0.000000s ]

[ 2016-07-25T22:50:20+08:00 ] 127.0.0.1 /index.php/Admin/Goods/ajaxGetAttr/type_id/3
INFO: [ app_begin ] --START--
INFO: Run Behavior\ReadHtmlCacheBehavior [ RunTime:0.000000s ]
INFO: [ app_begin ] --END-- [ RunTime:0.000000s ]
SQL: SHOW COLUMNS FROM `php38_privilege` [ RunTime:0.0020s ]
SQL: SHOW COLUMNS FROM `php38_attribute` [ RunTime:0.0020s ]
SQL: SELECT * FROM `php38_attribute` WHERE `type_id` = '3'  [ RunTime:0.0010s ]
INFO: [ app_end ] --START--
INFO: Run Behavior\ShowPageTraceBehavior [ RunTime:0.000000s ]
INFO: [ app_end ] --END-- [ RunTime:0.000000s ]

[ 2016-07-25T22:50:21+08:00 ] 127.0.0.1 /index.php/Admin/Goods/ajaxGetAttr/type_id/1
INFO: [ app_begin ] --START--
INFO: Run Behavior\ReadHtmlCacheBehavior [ RunTime:0.000000s ]
INFO: [ app_begin ] --END-- [ RunTime:0.001000s ]
SQL: SHOW COLUMNS FROM `php38_privilege` [ RunTime:0.0020s ]
SQL: SHOW COLUMNS FROM `php38_attribute` [ RunTime:0.0020s ]
SQL: SELECT * FROM `php38_attribute` WHERE `type_id` = '1'  [ RunTime:0.0010s ]
INFO: [ app_end ] --START--
INFO: Run Behavior\ShowPageTraceBehavior [ RunTime:0.000000s ]
INFO: [ app_end ] --END-- [ RunTime:0.000000s ]

[ 2016-07-25T22:50:22+08:00 ] 127.0.0.1 /index.php/Admin/Goods/ajaxGetAttr/type_id/3
INFO: [ app_begin ] --START--
INFO: Run Behavior\ReadHtmlCacheBehavior [ RunTime:0.000000s ]
INFO: [ app_begin ] --END-- [ RunTime:0.000000s ]
SQL: SHOW COLUMNS FROM `php38_privilege` [ RunTime:0.0020s ]
SQL: SHOW COLUMNS FROM `php38_attribute` [ RunTime:0.0030s ]
SQL: SELECT * FROM `php38_attribute` WHERE `type_id` = '3'  [ RunTime:0.0000s ]
INFO: [ app_end ] --START--
INFO: Run Behavior\ShowPageTraceBehavior [ RunTime:0.001000s ]
INFO: [ app_end ] --END-- [ RunTime:0.001000s ]

[ 2016-07-25T22:50:23+08:00 ] 127.0.0.1 /index.php/Admin/Goods/ajaxGetAttr/type_id/1
INFO: [ app_begin ] --START--
INFO: Run Behavior\ReadHtmlCacheBehavior [ RunTime:0.000000s ]
INFO: [ app_begin ] --END-- [ RunTime:0.001000s ]
SQL: SHOW COLUMNS FROM `php38_privilege` [ RunTime:0.0020s ]
SQL: SHOW COLUMNS FROM `php38_attribute` [ RunTime:0.0020s ]
SQL: SELECT * FROM `php38_attribute` WHERE `type_id` = '1'  [ RunTime:0.0010s ]
INFO: [ app_end ] --START--
INFO: Run Behavior\ShowPageTraceBehavior [ RunTime:0.000000s ]
INFO: [ app_end ] --END-- [ RunTime:0.000000s ]

[ 2016-07-25T23:02:43+08:00 ] 127.0.0.1 /index.php/Admin/Goods/ajaxGetAttr/type_id/1
INFO: [ app_begin ] --START--
INFO: Run Behavior\ReadHtmlCacheBehavior [ RunTime:0.001000s ]
INFO: [ app_begin ] --END-- [ RunTime:0.001000s ]
SQL: SHOW COLUMNS FROM `php38_privilege` [ RunTime:0.0020s ]
SQL: SHOW COLUMNS FROM `php38_attribute` [ RunTime:0.0020s ]
SQL: SELECT * FROM `php38_attribute` WHERE `type_id` = '1'  [ RunTime:0.0010s ]
INFO: [ app_end ] --START--
INFO: Run Behavior\ShowPageTraceBehavior [ RunTime:0.000000s ]
INFO: [ app_end ] --END-- [ RunTime:0.000000s ]

[ 2016-07-25T23:02:44+08:00 ] 127.0.0.1 /index.php/Admin/Goods/ajaxGetAttr/type_id/2
INFO: [ app_begin ] --START--
INFO: Run Behavior\ReadHtmlCacheBehavior [ RunTime:0.000000s ]
INFO: [ app_begin ] --END-- [ RunTime:0.000000s ]
SQL: SHOW COLUMNS FROM `php38_privilege` [ RunTime:0.0020s ]
SQL: SHOW COLUMNS FROM `php38_attribute` [ RunTime:0.0020s ]
SQL: SELECT * FROM `php38_attribute` WHERE `type_id` = '2'  [ RunTime:0.0000s ]
INFO: [ app_end ] --START--
INFO: Run Behavior\ShowPageTraceBehavior [ RunTime:0.000000s ]
INFO: [ app_end ] --END-- [ RunTime:0.000000s ]

[ 2016-07-25T23:03:41+08:00 ] 127.0.0.1 /index.php/Admin/Goods/ajaxGetAttr/type_id/1
INFO: [ app_begin ] --START--
INFO: Run Behavior\ReadHtmlCacheBehavior [ RunTime:0.000000s ]
INFO: [ app_begin ] --END-- [ RunTime:0.001000s ]
SQL: SHOW COLUMNS FROM `php38_privilege` [ RunTime:0.0020s ]
SQL: SHOW COLUMNS FROM `php38_attribute` [ RunTime:0.0010s ]
SQL: SELECT * FROM `php38_attribute` WHERE `type_id` = '1'  [ RunTime:0.0000s ]
INFO: [ app_end ] --START--
INFO: Run Behavior\ShowPageTraceBehavior [ RunTime:0.001000s ]
INFO: [ app_end ] --END-- [ RunTime:0.001000s ]

[ 2016-07-25T23:03:43+08:00 ] 127.0.0.1 /index.php/Admin/Goods/ajaxGetAttr/type_id/2
INFO: [ app_begin ] --START--
INFO: Run Behavior\ReadHtmlCacheBehavior [ RunTime:0.001000s ]
INFO: [ app_begin ] --END-- [ RunTime:0.001000s ]
SQL: SHOW COLUMNS FROM `php38_privilege` [ RunTime:0.0020s ]
SQL: SHOW COLUMNS FROM `php38_attribute` [ RunTime:0.0020s ]
SQL: SELECT * FROM `php38_attribute` WHERE `type_id` = '2'  [ RunTime:0.0010s ]
INFO: [ app_end ] --START--
INFO: Run Behavior\ShowPageTraceBehavior [ RunTime:0.000000s ]
INFO: [ app_end ] --END-- [ RunTime:0.000000s ]

[ 2016-07-25T23:03:52+08:00 ] 127.0.0.1 /index.php/Admin/Goods/ajaxGetAttr/type_id/1
INFO: [ app_begin ] --START--
INFO: Run Behavior\ReadHtmlCacheBehavior [ RunTime:0.000000s ]
INFO: [ app_begin ] --END-- [ RunTime:0.001000s ]
SQL: SHOW COLUMNS FROM `php38_privilege` [ RunTime:0.0020s ]
SQL: SHOW COLUMNS FROM `php38_attribute` [ RunTime:0.0020s ]
SQL: SELECT * FROM `php38_attribute` WHERE `type_id` = '1'  [ RunTime:0.0000s ]
INFO: [ app_end ] --START--
INFO: Run Behavior\ShowPageTraceBehavior [ RunTime:0.000000s ]
INFO: [ app_end ] --END-- [ RunTime:0.001000s ]

