[ 2016-06-27T20:21:30+08:00 ] 127.0.0.1 /index.php/Admin/Goods/lst/p/7.html
ERR: 1146:La table 'php38.php38_ext_cat' n'existe pas
 [ SQL语句 ] : SELECT a.*,b.cat_name,GROUP_CONCAT(d.cat_name) ext_cat_name FROM php38_goods a LEFT JOIN php38_category b ON a.cat_id=b.id
					LEFT JOIN php38_ext_cat c ON a.id=c.goods_id
					LEFT JOIN php38_category d ON c.cat_id=d.id
			  LIMIT 15,15  

[ 2016-06-27T20:30:50+08:00 ] 127.0.0.1 /index.php/Admin/Goods/lst/p/2.html
ERR: 1064:Erreur de syntaxe près de 'SEPARATOR "<br>") ext_cat_name FROM php38_goods a LEFT JOIN php38_category b ON ' à la ligne 1
 [ SQL语句 ] : SELECT a.*,b.cat_name,GROUP_CONCAT(d.cat_name,SEPARATOR "<br>") ext_cat_name FROM php38_goods a LEFT JOIN php38_category b ON a.cat_id=b.id
					LEFT JOIN php38_goods_ext_cat c ON a.id=c.goods_id
					LEFT JOIN php38_category d ON c.cat_id=d.id
			  GROUP BY a.id LIMIT 15,15  

[ 2016-06-27T21:19:25+08:00 ] 127.0.0.1 /index.php/Admin/Goods/lst.html?cat_id=10&gn=&fp=&tp=&ios=0&ft=&et=
ERR: 1064:Erreur de syntaxe près de '-3,3' à la ligne 4
 [ SQL语句 ] : SELECT a.*,b.cat_name,GROUP_CONCAT(d.cat_name SEPARATOR "<br />") ext_cat_name FROM php38_goods a LEFT JOIN php38_category b ON a.cat_id=b.id
					LEFT JOIN php38_goods_ext_cat c ON a.id=c.goods_id
					LEFT JOIN php38_category d ON c.cat_id=d.id
			  WHERE a.cat_id IN ('10') GROUP BY a.id LIMIT -3,3  

[ 2016-06-27T21:21:53+08:00 ] 127.0.0.1 /index.php/Admin/Goods/lst.html?cat_id=10&gn=&fp=&tp=&ios=0&ft=&et=
ERR: 1064:Erreur de syntaxe près de '-3,3' à la ligne 4
 [ SQL语句 ] : SELECT a.*,b.cat_name,GROUP_CONCAT(d.cat_name SEPARATOR "<br />") ext_cat_name FROM php38_goods a LEFT JOIN php38_category b ON a.cat_id=b.id
					LEFT JOIN php38_goods_ext_cat c ON a.id=c.goods_id
					LEFT JOIN php38_category d ON c.cat_id=d.id
			  WHERE a.cat_id IN ('10') GROUP BY a.id LIMIT -3,3  

[ 2016-06-27T21:21:53+08:00 ] 127.0.0.1 /index.php/Admin/Goods/lst.html?cat_id=10&gn=&fp=&tp=&ios=0&ft=&et=
ERR: 1064:Erreur de syntaxe près de '-3,3' à la ligne 4
 [ SQL语句 ] : SELECT a.*,b.cat_name,GROUP_CONCAT(d.cat_name SEPARATOR "<br />") ext_cat_name FROM php38_goods a LEFT JOIN php38_category b ON a.cat_id=b.id
					LEFT JOIN php38_goods_ext_cat c ON a.id=c.goods_id
					LEFT JOIN php38_category d ON c.cat_id=d.id
			  WHERE a.cat_id IN ('10') GROUP BY a.id LIMIT -3,3  

[ 2016-06-27T21:21:54+08:00 ] 127.0.0.1 /index.php/Admin/Goods/lst.html?cat_id=10&gn=&fp=&tp=&ios=0&ft=&et=
ERR: 1064:Erreur de syntaxe près de '-3,3' à la ligne 4
 [ SQL语句 ] : SELECT a.*,b.cat_name,GROUP_CONCAT(d.cat_name SEPARATOR "<br />") ext_cat_name FROM php38_goods a LEFT JOIN php38_category b ON a.cat_id=b.id
					LEFT JOIN php38_goods_ext_cat c ON a.id=c.goods_id
					LEFT JOIN php38_category d ON c.cat_id=d.id
			  WHERE a.cat_id IN ('10') GROUP BY a.id LIMIT -3,3  

[ 2016-06-27T21:21:54+08:00 ] 127.0.0.1 /index.php/Admin/Goods/lst.html?cat_id=10&gn=&fp=&tp=&ios=0&ft=&et=
ERR: 1064:Erreur de syntaxe près de '-3,3' à la ligne 4
 [ SQL语句 ] : SELECT a.*,b.cat_name,GROUP_CONCAT(d.cat_name SEPARATOR "<br />") ext_cat_name FROM php38_goods a LEFT JOIN php38_category b ON a.cat_id=b.id
					LEFT JOIN php38_goods_ext_cat c ON a.id=c.goods_id
					LEFT JOIN php38_category d ON c.cat_id=d.id
			  WHERE a.cat_id IN ('10') GROUP BY a.id LIMIT -3,3  

[ 2016-06-27T21:22:57+08:00 ] 127.0.0.1 /index.php/Admin/Goods/lst.html?cat_id=10&gn=&fp=&tp=&ios=0&ft=&et=
ERR: 1064:Erreur de syntaxe près de '-3,3' à la ligne 4
 [ SQL语句 ] : SELECT a.*,b.cat_name,GROUP_CONCAT(d.cat_name SEPARATOR "<br>") ext_cat_name FROM php38_goods a LEFT JOIN php38_category b ON a.cat_id=b.id
					LEFT JOIN php38_goods_ext_cat c ON a.id=c.goods_id
					LEFT JOIN php38_category d ON c.cat_id=d.id
			  WHERE a.cat_id IN ('10') GROUP BY a.id LIMIT -3,3  

[ 2016-06-27T21:23:37+08:00 ] 127.0.0.1 /index.php/Admin/Goods/lst.html?cat_id=9&gn=&fp=&tp=&ios=0&ft=&et=
ERR: 1064:Erreur de syntaxe près de '-3,3' à la ligne 4
 [ SQL语句 ] : SELECT a.*,b.cat_name,GROUP_CONCAT(d.cat_name SEPARATOR "<br>") ext_cat_name FROM php38_goods a LEFT JOIN php38_category b ON a.cat_id=b.id
					LEFT JOIN php38_goods_ext_cat c ON a.id=c.goods_id
					LEFT JOIN php38_category d ON c.cat_id=d.id
			  WHERE a.cat_id IN ('9') GROUP BY a.id LIMIT -3,3  

[ 2016-06-27T21:24:27+08:00 ] 127.0.0.1 /index.php/Admin/Goods/lst.html?cat_id=8&gn=&fp=&tp=&ios=0&ft=&et=
ERR: 1064:Erreur de syntaxe près de '-3,3' à la ligne 4
 [ SQL语句 ] : SELECT a.*,b.cat_name,GROUP_CONCAT(d.cat_name SEPARATOR "<br>") ext_cat_name FROM php38_goods a LEFT JOIN php38_category b ON a.cat_id=b.id
					LEFT JOIN php38_goods_ext_cat c ON a.id=c.goods_id
					LEFT JOIN php38_category d ON c.cat_id=d.id
			  WHERE a.cat_id IN ('10','8') GROUP BY a.id LIMIT -3,3  

[ 2016-06-27T21:29:44+08:00 ] 127.0.0.1 /index.php/Admin/Goods/lst.html?cat_id=10&gn=&fp=&tp=&ios=0&ft=&et=
ERR: 1064:Erreur de syntaxe près de '-3,3' à la ligne 4
 [ SQL语句 ] : SELECT a.*,b.cat_name,GROUP_CONCAT(d.cat_name SEPARATOR "<br>") ext_cat_name FROM php38_goods a LEFT JOIN php38_category b ON a.cat_id=b.id
					LEFT JOIN php38_goods_ext_cat c ON a.id=c.goods_id
					LEFT JOIN php38_category d ON c.cat_id=d.id
			  WHERE a.cat_id IN ('10') GROUP BY a.id LIMIT -3,3  

[ 2016-06-27T21:31:48+08:00 ] 127.0.0.1 /index.php/Admin/Goods/lst.html?cat_id=8&gn=&fp=&tp=&ios=0&ft=&et=
ERR: 1064:Erreur de syntaxe près de '-3,3' à la ligne 4
 [ SQL语句 ] : SELECT a.*,b.cat_name,GROUP_CONCAT(d.cat_name SEPARATOR "<br>") ext_cat_name FROM php38_goods a LEFT JOIN php38_category b ON a.cat_id=b.id
					LEFT JOIN php38_goods_ext_cat c ON a.id=c.goods_id
					LEFT JOIN php38_category d ON c.cat_id=d.id
			  WHERE a.cat_id IN ('10','8') GROUP BY a.id LIMIT -3,3  

[ 2016-06-27T21:35:12+08:00 ] 127.0.0.1 /index.php/Admin/Goods/lst.html?cat_id=10&gn=&fp=&tp=&ios=0&ft=&et=
ERR: 1064:Erreur de syntaxe près de '-3,3' à la ligne 4
 [ SQL语句 ] : SELECT a.*,b.cat_name,GROUP_CONCAT(d.cat_name SEPARATOR "<br>") ext_cat_name FROM php38_goods a LEFT JOIN php38_category b ON a.cat_id=b.id
					LEFT JOIN php38_goods_ext_cat c ON a.id=c.goods_id
					LEFT JOIN php38_category d ON c.cat_id=d.id
			  WHERE a.cat_id IN ('10') GROUP BY a.id LIMIT -3,3  

[ 2016-06-27T21:37:52+08:00 ] 127.0.0.1 /index.php/Admin/Goods/lst.html?cat_id=10&gn=&fp=&tp=&ios=0&ft=&et=
ERR: 1054:Champ 'a.cat_id' inconnu dans where clause
 [ SQL语句 ] : SELECT COUNT(*) AS tp_count FROM `php38_goods` WHERE a.cat_id IN ('10') LIMIT 1  

[ 2016-06-27T21:37:54+08:00 ] 127.0.0.1 /index.php/Admin/Goods/lst.html?cat_id=10&gn=&fp=&tp=&ios=0&ft=&et=
ERR: 1054:Champ 'a.cat_id' inconnu dans where clause
 [ SQL语句 ] : SELECT COUNT(*) AS tp_count FROM `php38_goods` WHERE a.cat_id IN ('10') LIMIT 1  

[ 2016-06-27T21:39:08+08:00 ] 127.0.0.1 /index.php/Admin/Goods/lst.html?cat_id=10&gn=&fp=&tp=&ios=0&ft=&et=
ERR: 1064:Erreur de syntaxe près de '-3,3' à la ligne 4
 [ SQL语句 ] : SELECT a.*,b.cat_name,GROUP_CONCAT(d.cat_name SEPARATOR "<br>") ext_cat_name FROM php38_goods a LEFT JOIN php38_category b ON a.cat_id=b.id
					LEFT JOIN php38_goods_ext_cat c ON a.id=c.goods_id
					LEFT JOIN php38_category d ON c.cat_id=d.id
			  WHERE a.cat_id IN ('10') GROUP BY a.id LIMIT -3,3  

[ 2016-06-27T21:45:02+08:00 ] 127.0.0.1 /index.php/Admin/Goods/lst.html?cat_id=10&gn=&fp=&tp=&ios=0&ft=&et=
ERR: 1064:Erreur de syntaxe près de '-3,3' à la ligne 4
 [ SQL语句 ] : SELECT a.*,b.cat_name,GROUP_CONCAT(d.cat_name SEPARATOR "<br>") ext_cat_name FROM php38_goods a LEFT JOIN php38_category b ON a.cat_id=b.id
					LEFT JOIN php38_goods_ext_cat c ON a.id=c.goods_id
					LEFT JOIN php38_category d ON c.cat_id=d.id
			  WHERE a.cat_id IN ('10') GROUP BY a.id LIMIT -3,3  

[ 2016-06-27T21:45:03+08:00 ] 127.0.0.1 /index.php/Admin/Goods/lst.html?cat_id=10&gn=&fp=&tp=&ios=0&ft=&et=
ERR: 1064:Erreur de syntaxe près de '-3,3' à la ligne 4
 [ SQL语句 ] : SELECT a.*,b.cat_name,GROUP_CONCAT(d.cat_name SEPARATOR "<br>") ext_cat_name FROM php38_goods a LEFT JOIN php38_category b ON a.cat_id=b.id
					LEFT JOIN php38_goods_ext_cat c ON a.id=c.goods_id
					LEFT JOIN php38_category d ON c.cat_id=d.id
			  WHERE a.cat_id IN ('10') GROUP BY a.id LIMIT -3,3  

[ 2016-06-27T21:45:03+08:00 ] 127.0.0.1 /index.php/Admin/Goods/lst.html?cat_id=10&gn=&fp=&tp=&ios=0&ft=&et=
ERR: 1064:Erreur de syntaxe près de '-3,3' à la ligne 4
 [ SQL语句 ] : SELECT a.*,b.cat_name,GROUP_CONCAT(d.cat_name SEPARATOR "<br>") ext_cat_name FROM php38_goods a LEFT JOIN php38_category b ON a.cat_id=b.id
					LEFT JOIN php38_goods_ext_cat c ON a.id=c.goods_id
					LEFT JOIN php38_category d ON c.cat_id=d.id
			  WHERE a.cat_id IN ('10') GROUP BY a.id LIMIT -3,3  

[ 2016-06-27T21:45:04+08:00 ] 127.0.0.1 /index.php/Admin/Goods/lst.html?cat_id=10&gn=&fp=&tp=&ios=0&ft=&et=
ERR: 1064:Erreur de syntaxe près de '-3,3' à la ligne 4
 [ SQL语句 ] : SELECT a.*,b.cat_name,GROUP_CONCAT(d.cat_name SEPARATOR "<br>") ext_cat_name FROM php38_goods a LEFT JOIN php38_category b ON a.cat_id=b.id
					LEFT JOIN php38_goods_ext_cat c ON a.id=c.goods_id
					LEFT JOIN php38_category d ON c.cat_id=d.id
			  WHERE a.cat_id IN ('10') GROUP BY a.id LIMIT -3,3  

[ 2016-06-27T21:45:04+08:00 ] 127.0.0.1 /index.php/Admin/Goods/lst.html?cat_id=10&gn=&fp=&tp=&ios=0&ft=&et=
ERR: 1064:Erreur de syntaxe près de '-3,3' à la ligne 4
 [ SQL语句 ] : SELECT a.*,b.cat_name,GROUP_CONCAT(d.cat_name SEPARATOR "<br>") ext_cat_name FROM php38_goods a LEFT JOIN php38_category b ON a.cat_id=b.id
					LEFT JOIN php38_goods_ext_cat c ON a.id=c.goods_id
					LEFT JOIN php38_category d ON c.cat_id=d.id
			  WHERE a.cat_id IN ('10') GROUP BY a.id LIMIT -3,3  

[ 2016-06-27T21:45:04+08:00 ] 127.0.0.1 /index.php/Admin/Goods/lst.html?cat_id=10&gn=&fp=&tp=&ios=0&ft=&et=
ERR: 1064:Erreur de syntaxe près de '-3,3' à la ligne 4
 [ SQL语句 ] : SELECT a.*,b.cat_name,GROUP_CONCAT(d.cat_name SEPARATOR "<br>") ext_cat_name FROM php38_goods a LEFT JOIN php38_category b ON a.cat_id=b.id
					LEFT JOIN php38_goods_ext_cat c ON a.id=c.goods_id
					LEFT JOIN php38_category d ON c.cat_id=d.id
			  WHERE a.cat_id IN ('10') GROUP BY a.id LIMIT -3,3  

[ 2016-06-27T21:45:04+08:00 ] 127.0.0.1 /index.php/Admin/Goods/lst.html?cat_id=10&gn=&fp=&tp=&ios=0&ft=&et=
ERR: 1064:Erreur de syntaxe près de '-3,3' à la ligne 4
 [ SQL语句 ] : SELECT a.*,b.cat_name,GROUP_CONCAT(d.cat_name SEPARATOR "<br>") ext_cat_name FROM php38_goods a LEFT JOIN php38_category b ON a.cat_id=b.id
					LEFT JOIN php38_goods_ext_cat c ON a.id=c.goods_id
					LEFT JOIN php38_category d ON c.cat_id=d.id
			  WHERE a.cat_id IN ('10') GROUP BY a.id LIMIT -3,3  

[ 2016-06-27T21:45:05+08:00 ] 127.0.0.1 /index.php/Admin/Goods/lst.html?cat_id=10&gn=&fp=&tp=&ios=0&ft=&et=
ERR: 1064:Erreur de syntaxe près de '-3,3' à la ligne 4
 [ SQL语句 ] : SELECT a.*,b.cat_name,GROUP_CONCAT(d.cat_name SEPARATOR "<br>") ext_cat_name FROM php38_goods a LEFT JOIN php38_category b ON a.cat_id=b.id
					LEFT JOIN php38_goods_ext_cat c ON a.id=c.goods_id
					LEFT JOIN php38_category d ON c.cat_id=d.id
			  WHERE a.cat_id IN ('10') GROUP BY a.id LIMIT -3,3  

[ 2016-06-27T21:45:05+08:00 ] 127.0.0.1 /index.php/Admin/Goods/lst.html?cat_id=10&gn=&fp=&tp=&ios=0&ft=&et=
ERR: 1064:Erreur de syntaxe près de '-3,3' à la ligne 4
 [ SQL语句 ] : SELECT a.*,b.cat_name,GROUP_CONCAT(d.cat_name SEPARATOR "<br>") ext_cat_name FROM php38_goods a LEFT JOIN php38_category b ON a.cat_id=b.id
					LEFT JOIN php38_goods_ext_cat c ON a.id=c.goods_id
					LEFT JOIN php38_category d ON c.cat_id=d.id
			  WHERE a.cat_id IN ('10') GROUP BY a.id LIMIT -3,3  

[ 2016-06-27T21:45:20+08:00 ] 127.0.0.1 /index.php/Admin/Goods/lst.html?cat_id=10&gn=&fp=&tp=&ios=0&ft=&et=
ERR: 1064:Erreur de syntaxe près de '-15,15' à la ligne 4
 [ SQL语句 ] : SELECT a.*,b.cat_name,GROUP_CONCAT(d.cat_name SEPARATOR "<br>") ext_cat_name FROM php38_goods a LEFT JOIN php38_category b ON a.cat_id=b.id
					LEFT JOIN php38_goods_ext_cat c ON a.id=c.goods_id
					LEFT JOIN php38_category d ON c.cat_id=d.id
			  WHERE a.cat_id IN ('10') GROUP BY a.id LIMIT -15,15  

[ 2016-06-27T21:45:20+08:00 ] 127.0.0.1 /index.php/Admin/Goods/lst.html?cat_id=10&gn=&fp=&tp=&ios=0&ft=&et=
ERR: 1064:Erreur de syntaxe près de '-15,15' à la ligne 4
 [ SQL语句 ] : SELECT a.*,b.cat_name,GROUP_CONCAT(d.cat_name SEPARATOR "<br>") ext_cat_name FROM php38_goods a LEFT JOIN php38_category b ON a.cat_id=b.id
					LEFT JOIN php38_goods_ext_cat c ON a.id=c.goods_id
					LEFT JOIN php38_category d ON c.cat_id=d.id
			  WHERE a.cat_id IN ('10') GROUP BY a.id LIMIT -15,15  

[ 2016-06-27T21:45:20+08:00 ] 127.0.0.1 /index.php/Admin/Goods/lst.html?cat_id=10&gn=&fp=&tp=&ios=0&ft=&et=
ERR: 1064:Erreur de syntaxe près de '-15,15' à la ligne 4
 [ SQL语句 ] : SELECT a.*,b.cat_name,GROUP_CONCAT(d.cat_name SEPARATOR "<br>") ext_cat_name FROM php38_goods a LEFT JOIN php38_category b ON a.cat_id=b.id
					LEFT JOIN php38_goods_ext_cat c ON a.id=c.goods_id
					LEFT JOIN php38_category d ON c.cat_id=d.id
			  WHERE a.cat_id IN ('10') GROUP BY a.id LIMIT -15,15  

[ 2016-06-27T21:45:20+08:00 ] 127.0.0.1 /index.php/Admin/Goods/lst.html?cat_id=10&gn=&fp=&tp=&ios=0&ft=&et=
ERR: 1064:Erreur de syntaxe près de '-15,15' à la ligne 4
 [ SQL语句 ] : SELECT a.*,b.cat_name,GROUP_CONCAT(d.cat_name SEPARATOR "<br>") ext_cat_name FROM php38_goods a LEFT JOIN php38_category b ON a.cat_id=b.id
					LEFT JOIN php38_goods_ext_cat c ON a.id=c.goods_id
					LEFT JOIN php38_category d ON c.cat_id=d.id
			  WHERE a.cat_id IN ('10') GROUP BY a.id LIMIT -15,15  

[ 2016-06-27T21:45:20+08:00 ] 127.0.0.1 /index.php/Admin/Goods/lst.html?cat_id=10&gn=&fp=&tp=&ios=0&ft=&et=
ERR: 1064:Erreur de syntaxe près de '-15,15' à la ligne 4
 [ SQL语句 ] : SELECT a.*,b.cat_name,GROUP_CONCAT(d.cat_name SEPARATOR "<br>") ext_cat_name FROM php38_goods a LEFT JOIN php38_category b ON a.cat_id=b.id
					LEFT JOIN php38_goods_ext_cat c ON a.id=c.goods_id
					LEFT JOIN php38_category d ON c.cat_id=d.id
			  WHERE a.cat_id IN ('10') GROUP BY a.id LIMIT -15,15  

[ 2016-06-27T21:45:20+08:00 ] 127.0.0.1 /index.php/Admin/Goods/lst.html?cat_id=10&gn=&fp=&tp=&ios=0&ft=&et=
ERR: 1064:Erreur de syntaxe près de '-15,15' à la ligne 4
 [ SQL语句 ] : SELECT a.*,b.cat_name,GROUP_CONCAT(d.cat_name SEPARATOR "<br>") ext_cat_name FROM php38_goods a LEFT JOIN php38_category b ON a.cat_id=b.id
					LEFT JOIN php38_goods_ext_cat c ON a.id=c.goods_id
					LEFT JOIN php38_category d ON c.cat_id=d.id
			  WHERE a.cat_id IN ('10') GROUP BY a.id LIMIT -15,15  

[ 2016-06-27T21:45:21+08:00 ] 127.0.0.1 /index.php/Admin/Goods/lst.html?cat_id=10&gn=&fp=&tp=&ios=0&ft=&et=
ERR: 1064:Erreur de syntaxe près de '-15,15' à la ligne 4
 [ SQL语句 ] : SELECT a.*,b.cat_name,GROUP_CONCAT(d.cat_name SEPARATOR "<br>") ext_cat_name FROM php38_goods a LEFT JOIN php38_category b ON a.cat_id=b.id
					LEFT JOIN php38_goods_ext_cat c ON a.id=c.goods_id
					LEFT JOIN php38_category d ON c.cat_id=d.id
			  WHERE a.cat_id IN ('10') GROUP BY a.id LIMIT -15,15  

[ 2016-06-27T21:45:21+08:00 ] 127.0.0.1 /index.php/Admin/Goods/lst.html?cat_id=10&gn=&fp=&tp=&ios=0&ft=&et=
ERR: 1064:Erreur de syntaxe près de '-15,15' à la ligne 4
 [ SQL语句 ] : SELECT a.*,b.cat_name,GROUP_CONCAT(d.cat_name SEPARATOR "<br>") ext_cat_name FROM php38_goods a LEFT JOIN php38_category b ON a.cat_id=b.id
					LEFT JOIN php38_goods_ext_cat c ON a.id=c.goods_id
					LEFT JOIN php38_category d ON c.cat_id=d.id
			  WHERE a.cat_id IN ('10') GROUP BY a.id LIMIT -15,15  

[ 2016-06-27T21:45:21+08:00 ] 127.0.0.1 /index.php/Admin/Goods/lst.html?cat_id=10&gn=&fp=&tp=&ios=0&ft=&et=
ERR: 1064:Erreur de syntaxe près de '-15,15' à la ligne 4
 [ SQL语句 ] : SELECT a.*,b.cat_name,GROUP_CONCAT(d.cat_name SEPARATOR "<br>") ext_cat_name FROM php38_goods a LEFT JOIN php38_category b ON a.cat_id=b.id
					LEFT JOIN php38_goods_ext_cat c ON a.id=c.goods_id
					LEFT JOIN php38_category d ON c.cat_id=d.id
			  WHERE a.cat_id IN ('10') GROUP BY a.id LIMIT -15,15  

[ 2016-06-27T21:45:21+08:00 ] 127.0.0.1 /index.php/Admin/Goods/lst.html?cat_id=10&gn=&fp=&tp=&ios=0&ft=&et=
ERR: 1064:Erreur de syntaxe près de '-15,15' à la ligne 4
 [ SQL语句 ] : SELECT a.*,b.cat_name,GROUP_CONCAT(d.cat_name SEPARATOR "<br>") ext_cat_name FROM php38_goods a LEFT JOIN php38_category b ON a.cat_id=b.id
					LEFT JOIN php38_goods_ext_cat c ON a.id=c.goods_id
					LEFT JOIN php38_category d ON c.cat_id=d.id
			  WHERE a.cat_id IN ('10') GROUP BY a.id LIMIT -15,15  

[ 2016-06-27T21:45:21+08:00 ] 127.0.0.1 /index.php/Admin/Goods/lst.html?cat_id=10&gn=&fp=&tp=&ios=0&ft=&et=
ERR: 1064:Erreur de syntaxe près de '-15,15' à la ligne 4
 [ SQL语句 ] : SELECT a.*,b.cat_name,GROUP_CONCAT(d.cat_name SEPARATOR "<br>") ext_cat_name FROM php38_goods a LEFT JOIN php38_category b ON a.cat_id=b.id
					LEFT JOIN php38_goods_ext_cat c ON a.id=c.goods_id
					LEFT JOIN php38_category d ON c.cat_id=d.id
			  WHERE a.cat_id IN ('10') GROUP BY a.id LIMIT -15,15  

[ 2016-06-27T21:45:21+08:00 ] 127.0.0.1 /index.php/Admin/Goods/lst.html?cat_id=10&gn=&fp=&tp=&ios=0&ft=&et=
ERR: 1064:Erreur de syntaxe près de '-15,15' à la ligne 4
 [ SQL语句 ] : SELECT a.*,b.cat_name,GROUP_CONCAT(d.cat_name SEPARATOR "<br>") ext_cat_name FROM php38_goods a LEFT JOIN php38_category b ON a.cat_id=b.id
					LEFT JOIN php38_goods_ext_cat c ON a.id=c.goods_id
					LEFT JOIN php38_category d ON c.cat_id=d.id
			  WHERE a.cat_id IN ('10') GROUP BY a.id LIMIT -15,15  

[ 2016-06-27T21:45:21+08:00 ] 127.0.0.1 /index.php/Admin/Goods/lst.html?cat_id=10&gn=&fp=&tp=&ios=0&ft=&et=
ERR: 1064:Erreur de syntaxe près de '-15,15' à la ligne 4
 [ SQL语句 ] : SELECT a.*,b.cat_name,GROUP_CONCAT(d.cat_name SEPARATOR "<br>") ext_cat_name FROM php38_goods a LEFT JOIN php38_category b ON a.cat_id=b.id
					LEFT JOIN php38_goods_ext_cat c ON a.id=c.goods_id
					LEFT JOIN php38_category d ON c.cat_id=d.id
			  WHERE a.cat_id IN ('10') GROUP BY a.id LIMIT -15,15  

[ 2016-06-27T21:45:21+08:00 ] 127.0.0.1 /index.php/Admin/Goods/lst.html?cat_id=10&gn=&fp=&tp=&ios=0&ft=&et=
ERR: 1064:Erreur de syntaxe près de '-15,15' à la ligne 4
 [ SQL语句 ] : SELECT a.*,b.cat_name,GROUP_CONCAT(d.cat_name SEPARATOR "<br>") ext_cat_name FROM php38_goods a LEFT JOIN php38_category b ON a.cat_id=b.id
					LEFT JOIN php38_goods_ext_cat c ON a.id=c.goods_id
					LEFT JOIN php38_category d ON c.cat_id=d.id
			  WHERE a.cat_id IN ('10') GROUP BY a.id LIMIT -15,15  

[ 2016-06-27T21:45:21+08:00 ] 127.0.0.1 /index.php/Admin/Goods/lst.html?cat_id=10&gn=&fp=&tp=&ios=0&ft=&et=
ERR: 1064:Erreur de syntaxe près de '-15,15' à la ligne 4
 [ SQL语句 ] : SELECT a.*,b.cat_name,GROUP_CONCAT(d.cat_name SEPARATOR "<br>") ext_cat_name FROM php38_goods a LEFT JOIN php38_category b ON a.cat_id=b.id
					LEFT JOIN php38_goods_ext_cat c ON a.id=c.goods_id
					LEFT JOIN php38_category d ON c.cat_id=d.id
			  WHERE a.cat_id IN ('10') GROUP BY a.id LIMIT -15,15  

[ 2016-06-27T21:45:21+08:00 ] 127.0.0.1 /index.php/Admin/Goods/lst.html?cat_id=10&gn=&fp=&tp=&ios=0&ft=&et=
ERR: 1064:Erreur de syntaxe près de '-15,15' à la ligne 4
 [ SQL语句 ] : SELECT a.*,b.cat_name,GROUP_CONCAT(d.cat_name SEPARATOR "<br>") ext_cat_name FROM php38_goods a LEFT JOIN php38_category b ON a.cat_id=b.id
					LEFT JOIN php38_goods_ext_cat c ON a.id=c.goods_id
					LEFT JOIN php38_category d ON c.cat_id=d.id
			  WHERE a.cat_id IN ('10') GROUP BY a.id LIMIT -15,15  

[ 2016-06-27T21:45:21+08:00 ] 127.0.0.1 /index.php/Admin/Goods/lst.html?cat_id=10&gn=&fp=&tp=&ios=0&ft=&et=
ERR: 1064:Erreur de syntaxe près de '-15,15' à la ligne 4
 [ SQL语句 ] : SELECT a.*,b.cat_name,GROUP_CONCAT(d.cat_name SEPARATOR "<br>") ext_cat_name FROM php38_goods a LEFT JOIN php38_category b ON a.cat_id=b.id
					LEFT JOIN php38_goods_ext_cat c ON a.id=c.goods_id
					LEFT JOIN php38_category d ON c.cat_id=d.id
			  WHERE a.cat_id IN ('10') GROUP BY a.id LIMIT -15,15  

[ 2016-06-27T21:45:21+08:00 ] 127.0.0.1 /index.php/Admin/Goods/lst.html?cat_id=10&gn=&fp=&tp=&ios=0&ft=&et=
ERR: 1064:Erreur de syntaxe près de '-15,15' à la ligne 4
 [ SQL语句 ] : SELECT a.*,b.cat_name,GROUP_CONCAT(d.cat_name SEPARATOR "<br>") ext_cat_name FROM php38_goods a LEFT JOIN php38_category b ON a.cat_id=b.id
					LEFT JOIN php38_goods_ext_cat c ON a.id=c.goods_id
					LEFT JOIN php38_category d ON c.cat_id=d.id
			  WHERE a.cat_id IN ('10') GROUP BY a.id LIMIT -15,15  

[ 2016-06-27T21:45:21+08:00 ] 127.0.0.1 /index.php/Admin/Goods/lst.html?cat_id=10&gn=&fp=&tp=&ios=0&ft=&et=
ERR: 1064:Erreur de syntaxe près de '-15,15' à la ligne 4
 [ SQL语句 ] : SELECT a.*,b.cat_name,GROUP_CONCAT(d.cat_name SEPARATOR "<br>") ext_cat_name FROM php38_goods a LEFT JOIN php38_category b ON a.cat_id=b.id
					LEFT JOIN php38_goods_ext_cat c ON a.id=c.goods_id
					LEFT JOIN php38_category d ON c.cat_id=d.id
			  WHERE a.cat_id IN ('10') GROUP BY a.id LIMIT -15,15  

[ 2016-06-27T21:45:21+08:00 ] 127.0.0.1 /index.php/Admin/Goods/lst.html?cat_id=10&gn=&fp=&tp=&ios=0&ft=&et=
ERR: 1064:Erreur de syntaxe près de '-15,15' à la ligne 4
 [ SQL语句 ] : SELECT a.*,b.cat_name,GROUP_CONCAT(d.cat_name SEPARATOR "<br>") ext_cat_name FROM php38_goods a LEFT JOIN php38_category b ON a.cat_id=b.id
					LEFT JOIN php38_goods_ext_cat c ON a.id=c.goods_id
					LEFT JOIN php38_category d ON c.cat_id=d.id
			  WHERE a.cat_id IN ('10') GROUP BY a.id LIMIT -15,15  

[ 2016-06-27T21:45:21+08:00 ] 127.0.0.1 /index.php/Admin/Goods/lst.html?cat_id=10&gn=&fp=&tp=&ios=0&ft=&et=
ERR: 1064:Erreur de syntaxe près de '-15,15' à la ligne 4
 [ SQL语句 ] : SELECT a.*,b.cat_name,GROUP_CONCAT(d.cat_name SEPARATOR "<br>") ext_cat_name FROM php38_goods a LEFT JOIN php38_category b ON a.cat_id=b.id
					LEFT JOIN php38_goods_ext_cat c ON a.id=c.goods_id
					LEFT JOIN php38_category d ON c.cat_id=d.id
			  WHERE a.cat_id IN ('10') GROUP BY a.id LIMIT -15,15  

[ 2016-06-27T21:45:21+08:00 ] 127.0.0.1 /index.php/Admin/Goods/lst.html?cat_id=10&gn=&fp=&tp=&ios=0&ft=&et=
ERR: 1064:Erreur de syntaxe près de '-15,15' à la ligne 4
 [ SQL语句 ] : SELECT a.*,b.cat_name,GROUP_CONCAT(d.cat_name SEPARATOR "<br>") ext_cat_name FROM php38_goods a LEFT JOIN php38_category b ON a.cat_id=b.id
					LEFT JOIN php38_goods_ext_cat c ON a.id=c.goods_id
					LEFT JOIN php38_category d ON c.cat_id=d.id
			  WHERE a.cat_id IN ('10') GROUP BY a.id LIMIT -15,15  

[ 2016-06-27T21:45:21+08:00 ] 127.0.0.1 /index.php/Admin/Goods/lst.html?cat_id=10&gn=&fp=&tp=&ios=0&ft=&et=
ERR: 1064:Erreur de syntaxe près de '-15,15' à la ligne 4
 [ SQL语句 ] : SELECT a.*,b.cat_name,GROUP_CONCAT(d.cat_name SEPARATOR "<br>") ext_cat_name FROM php38_goods a LEFT JOIN php38_category b ON a.cat_id=b.id
					LEFT JOIN php38_goods_ext_cat c ON a.id=c.goods_id
					LEFT JOIN php38_category d ON c.cat_id=d.id
			  WHERE a.cat_id IN ('10') GROUP BY a.id LIMIT -15,15  

[ 2016-06-27T21:45:21+08:00 ] 127.0.0.1 /index.php/Admin/Goods/lst.html?cat_id=10&gn=&fp=&tp=&ios=0&ft=&et=
ERR: 1064:Erreur de syntaxe près de '-15,15' à la ligne 4
 [ SQL语句 ] : SELECT a.*,b.cat_name,GROUP_CONCAT(d.cat_name SEPARATOR "<br>") ext_cat_name FROM php38_goods a LEFT JOIN php38_category b ON a.cat_id=b.id
					LEFT JOIN php38_goods_ext_cat c ON a.id=c.goods_id
					LEFT JOIN php38_category d ON c.cat_id=d.id
			  WHERE a.cat_id IN ('10') GROUP BY a.id LIMIT -15,15  

[ 2016-06-27T21:45:21+08:00 ] 127.0.0.1 /index.php/Admin/Goods/lst.html?cat_id=10&gn=&fp=&tp=&ios=0&ft=&et=
ERR: 1064:Erreur de syntaxe près de '-15,15' à la ligne 4
 [ SQL语句 ] : SELECT a.*,b.cat_name,GROUP_CONCAT(d.cat_name SEPARATOR "<br>") ext_cat_name FROM php38_goods a LEFT JOIN php38_category b ON a.cat_id=b.id
					LEFT JOIN php38_goods_ext_cat c ON a.id=c.goods_id
					LEFT JOIN php38_category d ON c.cat_id=d.id
			  WHERE a.cat_id IN ('10') GROUP BY a.id LIMIT -15,15  

[ 2016-06-27T21:45:21+08:00 ] 127.0.0.1 /index.php/Admin/Goods/lst.html?cat_id=10&gn=&fp=&tp=&ios=0&ft=&et=
ERR: 1064:Erreur de syntaxe près de '-15,15' à la ligne 4
 [ SQL语句 ] : SELECT a.*,b.cat_name,GROUP_CONCAT(d.cat_name SEPARATOR "<br>") ext_cat_name FROM php38_goods a LEFT JOIN php38_category b ON a.cat_id=b.id
					LEFT JOIN php38_goods_ext_cat c ON a.id=c.goods_id
					LEFT JOIN php38_category d ON c.cat_id=d.id
			  WHERE a.cat_id IN ('10') GROUP BY a.id LIMIT -15,15  

[ 2016-06-27T21:45:21+08:00 ] 127.0.0.1 /index.php/Admin/Goods/lst.html?cat_id=10&gn=&fp=&tp=&ios=0&ft=&et=
ERR: 1064:Erreur de syntaxe près de '-15,15' à la ligne 4
 [ SQL语句 ] : SELECT a.*,b.cat_name,GROUP_CONCAT(d.cat_name SEPARATOR "<br>") ext_cat_name FROM php38_goods a LEFT JOIN php38_category b ON a.cat_id=b.id
					LEFT JOIN php38_goods_ext_cat c ON a.id=c.goods_id
					LEFT JOIN php38_category d ON c.cat_id=d.id
			  WHERE a.cat_id IN ('10') GROUP BY a.id LIMIT -15,15  

[ 2016-06-27T21:45:21+08:00 ] 127.0.0.1 /index.php/Admin/Goods/lst.html?cat_id=10&gn=&fp=&tp=&ios=0&ft=&et=
ERR: 1064:Erreur de syntaxe près de '-15,15' à la ligne 4
 [ SQL语句 ] : SELECT a.*,b.cat_name,GROUP_CONCAT(d.cat_name SEPARATOR "<br>") ext_cat_name FROM php38_goods a LEFT JOIN php38_category b ON a.cat_id=b.id
					LEFT JOIN php38_goods_ext_cat c ON a.id=c.goods_id
					LEFT JOIN php38_category d ON c.cat_id=d.id
			  WHERE a.cat_id IN ('10') GROUP BY a.id LIMIT -15,15  

[ 2016-06-27T21:45:21+08:00 ] 127.0.0.1 /index.php/Admin/Goods/lst.html?cat_id=10&gn=&fp=&tp=&ios=0&ft=&et=
ERR: 1064:Erreur de syntaxe près de '-15,15' à la ligne 4
 [ SQL语句 ] : SELECT a.*,b.cat_name,GROUP_CONCAT(d.cat_name SEPARATOR "<br>") ext_cat_name FROM php38_goods a LEFT JOIN php38_category b ON a.cat_id=b.id
					LEFT JOIN php38_goods_ext_cat c ON a.id=c.goods_id
					LEFT JOIN php38_category d ON c.cat_id=d.id
			  WHERE a.cat_id IN ('10') GROUP BY a.id LIMIT -15,15  

[ 2016-06-27T21:45:21+08:00 ] 127.0.0.1 /index.php/Admin/Goods/lst.html?cat_id=10&gn=&fp=&tp=&ios=0&ft=&et=
ERR: 1064:Erreur de syntaxe près de '-15,15' à la ligne 4
 [ SQL语句 ] : SELECT a.*,b.cat_name,GROUP_CONCAT(d.cat_name SEPARATOR "<br>") ext_cat_name FROM php38_goods a LEFT JOIN php38_category b ON a.cat_id=b.id
					LEFT JOIN php38_goods_ext_cat c ON a.id=c.goods_id
					LEFT JOIN php38_category d ON c.cat_id=d.id
			  WHERE a.cat_id IN ('10') GROUP BY a.id LIMIT -15,15  

[ 2016-06-27T21:45:22+08:00 ] 127.0.0.1 /index.php/Admin/Goods/lst.html?cat_id=10&gn=&fp=&tp=&ios=0&ft=&et=
ERR: 1064:Erreur de syntaxe près de '-15,15' à la ligne 4
 [ SQL语句 ] : SELECT a.*,b.cat_name,GROUP_CONCAT(d.cat_name SEPARATOR "<br>") ext_cat_name FROM php38_goods a LEFT JOIN php38_category b ON a.cat_id=b.id
					LEFT JOIN php38_goods_ext_cat c ON a.id=c.goods_id
					LEFT JOIN php38_category d ON c.cat_id=d.id
			  WHERE a.cat_id IN ('10') GROUP BY a.id LIMIT -15,15  

[ 2016-06-27T21:45:22+08:00 ] 127.0.0.1 /index.php/Admin/Goods/lst.html?cat_id=10&gn=&fp=&tp=&ios=0&ft=&et=
ERR: 1064:Erreur de syntaxe près de '-15,15' à la ligne 4
 [ SQL语句 ] : SELECT a.*,b.cat_name,GROUP_CONCAT(d.cat_name SEPARATOR "<br>") ext_cat_name FROM php38_goods a LEFT JOIN php38_category b ON a.cat_id=b.id
					LEFT JOIN php38_goods_ext_cat c ON a.id=c.goods_id
					LEFT JOIN php38_category d ON c.cat_id=d.id
			  WHERE a.cat_id IN ('10') GROUP BY a.id LIMIT -15,15  

[ 2016-06-27T21:45:22+08:00 ] 127.0.0.1 /index.php/Admin/Goods/lst.html?cat_id=10&gn=&fp=&tp=&ios=0&ft=&et=
ERR: 1064:Erreur de syntaxe près de '-15,15' à la ligne 4
 [ SQL语句 ] : SELECT a.*,b.cat_name,GROUP_CONCAT(d.cat_name SEPARATOR "<br>") ext_cat_name FROM php38_goods a LEFT JOIN php38_category b ON a.cat_id=b.id
					LEFT JOIN php38_goods_ext_cat c ON a.id=c.goods_id
					LEFT JOIN php38_category d ON c.cat_id=d.id
			  WHERE a.cat_id IN ('10') GROUP BY a.id LIMIT -15,15  

[ 2016-06-27T21:45:23+08:00 ] 127.0.0.1 /index.php/Admin/Goods/lst.html?cat_id=10&gn=&fp=&tp=&ios=0&ft=&et=
ERR: 1064:Erreur de syntaxe près de '-15,15' à la ligne 4
 [ SQL语句 ] : SELECT a.*,b.cat_name,GROUP_CONCAT(d.cat_name SEPARATOR "<br>") ext_cat_name FROM php38_goods a LEFT JOIN php38_category b ON a.cat_id=b.id
					LEFT JOIN php38_goods_ext_cat c ON a.id=c.goods_id
					LEFT JOIN php38_category d ON c.cat_id=d.id
			  WHERE a.cat_id IN ('10') GROUP BY a.id LIMIT -15,15  

[ 2016-06-27T21:45:23+08:00 ] 127.0.0.1 /index.php/Admin/Goods/lst.html?cat_id=10&gn=&fp=&tp=&ios=0&ft=&et=
ERR: 1064:Erreur de syntaxe près de '-15,15' à la ligne 4
 [ SQL语句 ] : SELECT a.*,b.cat_name,GROUP_CONCAT(d.cat_name SEPARATOR "<br>") ext_cat_name FROM php38_goods a LEFT JOIN php38_category b ON a.cat_id=b.id
					LEFT JOIN php38_goods_ext_cat c ON a.id=c.goods_id
					LEFT JOIN php38_category d ON c.cat_id=d.id
			  WHERE a.cat_id IN ('10') GROUP BY a.id LIMIT -15,15  

[ 2016-06-27T21:45:23+08:00 ] 127.0.0.1 /index.php/Admin/Goods/lst.html?cat_id=10&gn=&fp=&tp=&ios=0&ft=&et=
ERR: 1064:Erreur de syntaxe près de '-15,15' à la ligne 4
 [ SQL语句 ] : SELECT a.*,b.cat_name,GROUP_CONCAT(d.cat_name SEPARATOR "<br>") ext_cat_name FROM php38_goods a LEFT JOIN php38_category b ON a.cat_id=b.id
					LEFT JOIN php38_goods_ext_cat c ON a.id=c.goods_id
					LEFT JOIN php38_category d ON c.cat_id=d.id
			  WHERE a.cat_id IN ('10') GROUP BY a.id LIMIT -15,15  

[ 2016-06-27T21:45:23+08:00 ] 127.0.0.1 /index.php/Admin/Goods/lst.html?cat_id=10&gn=&fp=&tp=&ios=0&ft=&et=
ERR: 1064:Erreur de syntaxe près de '-15,15' à la ligne 4
 [ SQL语句 ] : SELECT a.*,b.cat_name,GROUP_CONCAT(d.cat_name SEPARATOR "<br>") ext_cat_name FROM php38_goods a LEFT JOIN php38_category b ON a.cat_id=b.id
					LEFT JOIN php38_goods_ext_cat c ON a.id=c.goods_id
					LEFT JOIN php38_category d ON c.cat_id=d.id
			  WHERE a.cat_id IN ('10') GROUP BY a.id LIMIT -15,15  

[ 2016-06-27T21:45:23+08:00 ] 127.0.0.1 /index.php/Admin/Goods/lst.html?cat_id=10&gn=&fp=&tp=&ios=0&ft=&et=
ERR: 1064:Erreur de syntaxe près de '-15,15' à la ligne 4
 [ SQL语句 ] : SELECT a.*,b.cat_name,GROUP_CONCAT(d.cat_name SEPARATOR "<br>") ext_cat_name FROM php38_goods a LEFT JOIN php38_category b ON a.cat_id=b.id
					LEFT JOIN php38_goods_ext_cat c ON a.id=c.goods_id
					LEFT JOIN php38_category d ON c.cat_id=d.id
			  WHERE a.cat_id IN ('10') GROUP BY a.id LIMIT -15,15  

[ 2016-06-27T21:45:23+08:00 ] 127.0.0.1 /index.php/Admin/Goods/lst.html?cat_id=10&gn=&fp=&tp=&ios=0&ft=&et=
ERR: 1064:Erreur de syntaxe près de '-15,15' à la ligne 4
 [ SQL语句 ] : SELECT a.*,b.cat_name,GROUP_CONCAT(d.cat_name SEPARATOR "<br>") ext_cat_name FROM php38_goods a LEFT JOIN php38_category b ON a.cat_id=b.id
					LEFT JOIN php38_goods_ext_cat c ON a.id=c.goods_id
					LEFT JOIN php38_category d ON c.cat_id=d.id
			  WHERE a.cat_id IN ('10') GROUP BY a.id LIMIT -15,15  

[ 2016-06-27T21:45:23+08:00 ] 127.0.0.1 /index.php/Admin/Goods/lst.html?cat_id=10&gn=&fp=&tp=&ios=0&ft=&et=
ERR: 1064:Erreur de syntaxe près de '-15,15' à la ligne 4
 [ SQL语句 ] : SELECT a.*,b.cat_name,GROUP_CONCAT(d.cat_name SEPARATOR "<br>") ext_cat_name FROM php38_goods a LEFT JOIN php38_category b ON a.cat_id=b.id
					LEFT JOIN php38_goods_ext_cat c ON a.id=c.goods_id
					LEFT JOIN php38_category d ON c.cat_id=d.id
			  WHERE a.cat_id IN ('10') GROUP BY a.id LIMIT -15,15  

[ 2016-06-27T21:45:23+08:00 ] 127.0.0.1 /index.php/Admin/Goods/lst.html?cat_id=10&gn=&fp=&tp=&ios=0&ft=&et=
ERR: 1064:Erreur de syntaxe près de '-15,15' à la ligne 4
 [ SQL语句 ] : SELECT a.*,b.cat_name,GROUP_CONCAT(d.cat_name SEPARATOR "<br>") ext_cat_name FROM php38_goods a LEFT JOIN php38_category b ON a.cat_id=b.id
					LEFT JOIN php38_goods_ext_cat c ON a.id=c.goods_id
					LEFT JOIN php38_category d ON c.cat_id=d.id
			  WHERE a.cat_id IN ('10') GROUP BY a.id LIMIT -15,15  

[ 2016-06-27T21:45:23+08:00 ] 127.0.0.1 /index.php/Admin/Goods/lst.html?cat_id=10&gn=&fp=&tp=&ios=0&ft=&et=
ERR: 1064:Erreur de syntaxe près de '-15,15' à la ligne 4
 [ SQL语句 ] : SELECT a.*,b.cat_name,GROUP_CONCAT(d.cat_name SEPARATOR "<br>") ext_cat_name FROM php38_goods a LEFT JOIN php38_category b ON a.cat_id=b.id
					LEFT JOIN php38_goods_ext_cat c ON a.id=c.goods_id
					LEFT JOIN php38_category d ON c.cat_id=d.id
			  WHERE a.cat_id IN ('10') GROUP BY a.id LIMIT -15,15  

[ 2016-06-27T21:45:23+08:00 ] 127.0.0.1 /index.php/Admin/Goods/lst.html?cat_id=10&gn=&fp=&tp=&ios=0&ft=&et=
ERR: 1064:Erreur de syntaxe près de '-15,15' à la ligne 4
 [ SQL语句 ] : SELECT a.*,b.cat_name,GROUP_CONCAT(d.cat_name SEPARATOR "<br>") ext_cat_name FROM php38_goods a LEFT JOIN php38_category b ON a.cat_id=b.id
					LEFT JOIN php38_goods_ext_cat c ON a.id=c.goods_id
					LEFT JOIN php38_category d ON c.cat_id=d.id
			  WHERE a.cat_id IN ('10') GROUP BY a.id LIMIT -15,15  

[ 2016-06-27T21:45:23+08:00 ] 127.0.0.1 /index.php/Admin/Goods/lst.html?cat_id=10&gn=&fp=&tp=&ios=0&ft=&et=
ERR: 1064:Erreur de syntaxe près de '-15,15' à la ligne 4
 [ SQL语句 ] : SELECT a.*,b.cat_name,GROUP_CONCAT(d.cat_name SEPARATOR "<br>") ext_cat_name FROM php38_goods a LEFT JOIN php38_category b ON a.cat_id=b.id
					LEFT JOIN php38_goods_ext_cat c ON a.id=c.goods_id
					LEFT JOIN php38_category d ON c.cat_id=d.id
			  WHERE a.cat_id IN ('10') GROUP BY a.id LIMIT -15,15  

[ 2016-06-27T21:45:23+08:00 ] 127.0.0.1 /index.php/Admin/Goods/lst.html?cat_id=10&gn=&fp=&tp=&ios=0&ft=&et=
ERR: 1064:Erreur de syntaxe près de '-15,15' à la ligne 4
 [ SQL语句 ] : SELECT a.*,b.cat_name,GROUP_CONCAT(d.cat_name SEPARATOR "<br>") ext_cat_name FROM php38_goods a LEFT JOIN php38_category b ON a.cat_id=b.id
					LEFT JOIN php38_goods_ext_cat c ON a.id=c.goods_id
					LEFT JOIN php38_category d ON c.cat_id=d.id
			  WHERE a.cat_id IN ('10') GROUP BY a.id LIMIT -15,15  

[ 2016-06-27T21:45:23+08:00 ] 127.0.0.1 /index.php/Admin/Goods/lst.html?cat_id=10&gn=&fp=&tp=&ios=0&ft=&et=
ERR: 1064:Erreur de syntaxe près de '-15,15' à la ligne 4
 [ SQL语句 ] : SELECT a.*,b.cat_name,GROUP_CONCAT(d.cat_name SEPARATOR "<br>") ext_cat_name FROM php38_goods a LEFT JOIN php38_category b ON a.cat_id=b.id
					LEFT JOIN php38_goods_ext_cat c ON a.id=c.goods_id
					LEFT JOIN php38_category d ON c.cat_id=d.id
			  WHERE a.cat_id IN ('10') GROUP BY a.id LIMIT -15,15  

[ 2016-06-27T21:45:23+08:00 ] 127.0.0.1 /index.php/Admin/Goods/lst.html?cat_id=10&gn=&fp=&tp=&ios=0&ft=&et=
ERR: 1064:Erreur de syntaxe près de '-15,15' à la ligne 4
 [ SQL语句 ] : SELECT a.*,b.cat_name,GROUP_CONCAT(d.cat_name SEPARATOR "<br>") ext_cat_name FROM php38_goods a LEFT JOIN php38_category b ON a.cat_id=b.id
					LEFT JOIN php38_goods_ext_cat c ON a.id=c.goods_id
					LEFT JOIN php38_category d ON c.cat_id=d.id
			  WHERE a.cat_id IN ('10') GROUP BY a.id LIMIT -15,15  

[ 2016-06-27T21:45:23+08:00 ] 127.0.0.1 /index.php/Admin/Goods/lst.html?cat_id=10&gn=&fp=&tp=&ios=0&ft=&et=
ERR: 1064:Erreur de syntaxe près de '-15,15' à la ligne 4
 [ SQL语句 ] : SELECT a.*,b.cat_name,GROUP_CONCAT(d.cat_name SEPARATOR "<br>") ext_cat_name FROM php38_goods a LEFT JOIN php38_category b ON a.cat_id=b.id
					LEFT JOIN php38_goods_ext_cat c ON a.id=c.goods_id
					LEFT JOIN php38_category d ON c.cat_id=d.id
			  WHERE a.cat_id IN ('10') GROUP BY a.id LIMIT -15,15  

[ 2016-06-27T21:45:23+08:00 ] 127.0.0.1 /index.php/Admin/Goods/lst.html?cat_id=10&gn=&fp=&tp=&ios=0&ft=&et=
ERR: 1064:Erreur de syntaxe près de '-15,15' à la ligne 4
 [ SQL语句 ] : SELECT a.*,b.cat_name,GROUP_CONCAT(d.cat_name SEPARATOR "<br>") ext_cat_name FROM php38_goods a LEFT JOIN php38_category b ON a.cat_id=b.id
					LEFT JOIN php38_goods_ext_cat c ON a.id=c.goods_id
					LEFT JOIN php38_category d ON c.cat_id=d.id
			  WHERE a.cat_id IN ('10') GROUP BY a.id LIMIT -15,15  

[ 2016-06-27T21:45:23+08:00 ] 127.0.0.1 /index.php/Admin/Goods/lst.html?cat_id=10&gn=&fp=&tp=&ios=0&ft=&et=
ERR: 1064:Erreur de syntaxe près de '-15,15' à la ligne 4
 [ SQL语句 ] : SELECT a.*,b.cat_name,GROUP_CONCAT(d.cat_name SEPARATOR "<br>") ext_cat_name FROM php38_goods a LEFT JOIN php38_category b ON a.cat_id=b.id
					LEFT JOIN php38_goods_ext_cat c ON a.id=c.goods_id
					LEFT JOIN php38_category d ON c.cat_id=d.id
			  WHERE a.cat_id IN ('10') GROUP BY a.id LIMIT -15,15  

[ 2016-06-27T21:45:23+08:00 ] 127.0.0.1 /index.php/Admin/Goods/lst.html?cat_id=10&gn=&fp=&tp=&ios=0&ft=&et=
ERR: 1064:Erreur de syntaxe près de '-15,15' à la ligne 4
 [ SQL语句 ] : SELECT a.*,b.cat_name,GROUP_CONCAT(d.cat_name SEPARATOR "<br>") ext_cat_name FROM php38_goods a LEFT JOIN php38_category b ON a.cat_id=b.id
					LEFT JOIN php38_goods_ext_cat c ON a.id=c.goods_id
					LEFT JOIN php38_category d ON c.cat_id=d.id
			  WHERE a.cat_id IN ('10') GROUP BY a.id LIMIT -15,15  

[ 2016-06-27T21:45:23+08:00 ] 127.0.0.1 /index.php/Admin/Goods/lst.html?cat_id=10&gn=&fp=&tp=&ios=0&ft=&et=
ERR: 1064:Erreur de syntaxe près de '-15,15' à la ligne 4
 [ SQL语句 ] : SELECT a.*,b.cat_name,GROUP_CONCAT(d.cat_name SEPARATOR "<br>") ext_cat_name FROM php38_goods a LEFT JOIN php38_category b ON a.cat_id=b.id
					LEFT JOIN php38_goods_ext_cat c ON a.id=c.goods_id
					LEFT JOIN php38_category d ON c.cat_id=d.id
			  WHERE a.cat_id IN ('10') GROUP BY a.id LIMIT -15,15  

[ 2016-06-27T21:45:23+08:00 ] 127.0.0.1 /index.php/Admin/Goods/lst.html?cat_id=10&gn=&fp=&tp=&ios=0&ft=&et=
ERR: 1064:Erreur de syntaxe près de '-15,15' à la ligne 4
 [ SQL语句 ] : SELECT a.*,b.cat_name,GROUP_CONCAT(d.cat_name SEPARATOR "<br>") ext_cat_name FROM php38_goods a LEFT JOIN php38_category b ON a.cat_id=b.id
					LEFT JOIN php38_goods_ext_cat c ON a.id=c.goods_id
					LEFT JOIN php38_category d ON c.cat_id=d.id
			  WHERE a.cat_id IN ('10') GROUP BY a.id LIMIT -15,15  

[ 2016-06-27T21:45:23+08:00 ] 127.0.0.1 /index.php/Admin/Goods/lst.html?cat_id=10&gn=&fp=&tp=&ios=0&ft=&et=
ERR: 1064:Erreur de syntaxe près de '-15,15' à la ligne 4
 [ SQL语句 ] : SELECT a.*,b.cat_name,GROUP_CONCAT(d.cat_name SEPARATOR "<br>") ext_cat_name FROM php38_goods a LEFT JOIN php38_category b ON a.cat_id=b.id
					LEFT JOIN php38_goods_ext_cat c ON a.id=c.goods_id
					LEFT JOIN php38_category d ON c.cat_id=d.id
			  WHERE a.cat_id IN ('10') GROUP BY a.id LIMIT -15,15  

[ 2016-06-27T21:45:23+08:00 ] 127.0.0.1 /index.php/Admin/Goods/lst.html?cat_id=10&gn=&fp=&tp=&ios=0&ft=&et=
ERR: 1064:Erreur de syntaxe près de '-15,15' à la ligne 4
 [ SQL语句 ] : SELECT a.*,b.cat_name,GROUP_CONCAT(d.cat_name SEPARATOR "<br>") ext_cat_name FROM php38_goods a LEFT JOIN php38_category b ON a.cat_id=b.id
					LEFT JOIN php38_goods_ext_cat c ON a.id=c.goods_id
					LEFT JOIN php38_category d ON c.cat_id=d.id
			  WHERE a.cat_id IN ('10') GROUP BY a.id LIMIT -15,15  

[ 2016-06-27T21:45:23+08:00 ] 127.0.0.1 /index.php/Admin/Goods/lst.html?cat_id=10&gn=&fp=&tp=&ios=0&ft=&et=
ERR: 1064:Erreur de syntaxe près de '-15,15' à la ligne 4
 [ SQL语句 ] : SELECT a.*,b.cat_name,GROUP_CONCAT(d.cat_name SEPARATOR "<br>") ext_cat_name FROM php38_goods a LEFT JOIN php38_category b ON a.cat_id=b.id
					LEFT JOIN php38_goods_ext_cat c ON a.id=c.goods_id
					LEFT JOIN php38_category d ON c.cat_id=d.id
			  WHERE a.cat_id IN ('10') GROUP BY a.id LIMIT -15,15  

[ 2016-06-27T21:45:23+08:00 ] 127.0.0.1 /index.php/Admin/Goods/lst.html?cat_id=10&gn=&fp=&tp=&ios=0&ft=&et=
ERR: 1064:Erreur de syntaxe près de '-15,15' à la ligne 4
 [ SQL语句 ] : SELECT a.*,b.cat_name,GROUP_CONCAT(d.cat_name SEPARATOR "<br>") ext_cat_name FROM php38_goods a LEFT JOIN php38_category b ON a.cat_id=b.id
					LEFT JOIN php38_goods_ext_cat c ON a.id=c.goods_id
					LEFT JOIN php38_category d ON c.cat_id=d.id
			  WHERE a.cat_id IN ('10') GROUP BY a.id LIMIT -15,15  

[ 2016-06-27T21:45:24+08:00 ] 127.0.0.1 /index.php/Admin/Goods/lst.html?cat_id=10&gn=&fp=&tp=&ios=0&ft=&et=
ERR: 1064:Erreur de syntaxe près de '-15,15' à la ligne 4
 [ SQL语句 ] : SELECT a.*,b.cat_name,GROUP_CONCAT(d.cat_name SEPARATOR "<br>") ext_cat_name FROM php38_goods a LEFT JOIN php38_category b ON a.cat_id=b.id
					LEFT JOIN php38_goods_ext_cat c ON a.id=c.goods_id
					LEFT JOIN php38_category d ON c.cat_id=d.id
			  WHERE a.cat_id IN ('10') GROUP BY a.id LIMIT -15,15  

[ 2016-06-27T21:45:24+08:00 ] 127.0.0.1 /index.php/Admin/Goods/lst.html?cat_id=10&gn=&fp=&tp=&ios=0&ft=&et=
ERR: 1064:Erreur de syntaxe près de '-15,15' à la ligne 4
 [ SQL语句 ] : SELECT a.*,b.cat_name,GROUP_CONCAT(d.cat_name SEPARATOR "<br>") ext_cat_name FROM php38_goods a LEFT JOIN php38_category b ON a.cat_id=b.id
					LEFT JOIN php38_goods_ext_cat c ON a.id=c.goods_id
					LEFT JOIN php38_category d ON c.cat_id=d.id
			  WHERE a.cat_id IN ('10') GROUP BY a.id LIMIT -15,15  

[ 2016-06-27T21:45:24+08:00 ] 127.0.0.1 /index.php/Admin/Goods/lst.html?cat_id=10&gn=&fp=&tp=&ios=0&ft=&et=
ERR: 1064:Erreur de syntaxe près de '-15,15' à la ligne 4
 [ SQL语句 ] : SELECT a.*,b.cat_name,GROUP_CONCAT(d.cat_name SEPARATOR "<br>") ext_cat_name FROM php38_goods a LEFT JOIN php38_category b ON a.cat_id=b.id
					LEFT JOIN php38_goods_ext_cat c ON a.id=c.goods_id
					LEFT JOIN php38_category d ON c.cat_id=d.id
			  WHERE a.cat_id IN ('10') GROUP BY a.id LIMIT -15,15  

[ 2016-06-27T21:45:24+08:00 ] 127.0.0.1 /index.php/Admin/Goods/lst.html?cat_id=10&gn=&fp=&tp=&ios=0&ft=&et=
ERR: 1064:Erreur de syntaxe près de '-15,15' à la ligne 4
 [ SQL语句 ] : SELECT a.*,b.cat_name,GROUP_CONCAT(d.cat_name SEPARATOR "<br>") ext_cat_name FROM php38_goods a LEFT JOIN php38_category b ON a.cat_id=b.id
					LEFT JOIN php38_goods_ext_cat c ON a.id=c.goods_id
					LEFT JOIN php38_category d ON c.cat_id=d.id
			  WHERE a.cat_id IN ('10') GROUP BY a.id LIMIT -15,15  

[ 2016-06-27T21:45:24+08:00 ] 127.0.0.1 /index.php/Admin/Goods/lst.html?cat_id=10&gn=&fp=&tp=&ios=0&ft=&et=
ERR: 1064:Erreur de syntaxe près de '-15,15' à la ligne 4
 [ SQL语句 ] : SELECT a.*,b.cat_name,GROUP_CONCAT(d.cat_name SEPARATOR "<br>") ext_cat_name FROM php38_goods a LEFT JOIN php38_category b ON a.cat_id=b.id
					LEFT JOIN php38_goods_ext_cat c ON a.id=c.goods_id
					LEFT JOIN php38_category d ON c.cat_id=d.id
			  WHERE a.cat_id IN ('10') GROUP BY a.id LIMIT -15,15  

[ 2016-06-27T21:45:24+08:00 ] 127.0.0.1 /index.php/Admin/Goods/lst.html?cat_id=10&gn=&fp=&tp=&ios=0&ft=&et=
ERR: 1064:Erreur de syntaxe près de '-15,15' à la ligne 4
 [ SQL语句 ] : SELECT a.*,b.cat_name,GROUP_CONCAT(d.cat_name SEPARATOR "<br>") ext_cat_name FROM php38_goods a LEFT JOIN php38_category b ON a.cat_id=b.id
					LEFT JOIN php38_goods_ext_cat c ON a.id=c.goods_id
					LEFT JOIN php38_category d ON c.cat_id=d.id
			  WHERE a.cat_id IN ('10') GROUP BY a.id LIMIT -15,15  

[ 2016-06-27T21:45:24+08:00 ] 127.0.0.1 /index.php/Admin/Goods/lst.html?cat_id=10&gn=&fp=&tp=&ios=0&ft=&et=
ERR: 1064:Erreur de syntaxe près de '-15,15' à la ligne 4
 [ SQL语句 ] : SELECT a.*,b.cat_name,GROUP_CONCAT(d.cat_name SEPARATOR "<br>") ext_cat_name FROM php38_goods a LEFT JOIN php38_category b ON a.cat_id=b.id
					LEFT JOIN php38_goods_ext_cat c ON a.id=c.goods_id
					LEFT JOIN php38_category d ON c.cat_id=d.id
			  WHERE a.cat_id IN ('10') GROUP BY a.id LIMIT -15,15  

[ 2016-06-27T21:45:24+08:00 ] 127.0.0.1 /index.php/Admin/Goods/lst.html?cat_id=10&gn=&fp=&tp=&ios=0&ft=&et=
ERR: 1064:Erreur de syntaxe près de '-15,15' à la ligne 4
 [ SQL语句 ] : SELECT a.*,b.cat_name,GROUP_CONCAT(d.cat_name SEPARATOR "<br>") ext_cat_name FROM php38_goods a LEFT JOIN php38_category b ON a.cat_id=b.id
					LEFT JOIN php38_goods_ext_cat c ON a.id=c.goods_id
					LEFT JOIN php38_category d ON c.cat_id=d.id
			  WHERE a.cat_id IN ('10') GROUP BY a.id LIMIT -15,15  

[ 2016-06-27T21:45:24+08:00 ] 127.0.0.1 /index.php/Admin/Goods/lst.html?cat_id=10&gn=&fp=&tp=&ios=0&ft=&et=
ERR: 1064:Erreur de syntaxe près de '-15,15' à la ligne 4
 [ SQL语句 ] : SELECT a.*,b.cat_name,GROUP_CONCAT(d.cat_name SEPARATOR "<br>") ext_cat_name FROM php38_goods a LEFT JOIN php38_category b ON a.cat_id=b.id
					LEFT JOIN php38_goods_ext_cat c ON a.id=c.goods_id
					LEFT JOIN php38_category d ON c.cat_id=d.id
			  WHERE a.cat_id IN ('10') GROUP BY a.id LIMIT -15,15  

[ 2016-06-27T21:45:24+08:00 ] 127.0.0.1 /index.php/Admin/Goods/lst.html?cat_id=10&gn=&fp=&tp=&ios=0&ft=&et=
ERR: 1064:Erreur de syntaxe près de '-15,15' à la ligne 4
 [ SQL语句 ] : SELECT a.*,b.cat_name,GROUP_CONCAT(d.cat_name SEPARATOR "<br>") ext_cat_name FROM php38_goods a LEFT JOIN php38_category b ON a.cat_id=b.id
					LEFT JOIN php38_goods_ext_cat c ON a.id=c.goods_id
					LEFT JOIN php38_category d ON c.cat_id=d.id
			  WHERE a.cat_id IN ('10') GROUP BY a.id LIMIT -15,15  

[ 2016-06-27T21:45:24+08:00 ] 127.0.0.1 /index.php/Admin/Goods/lst.html?cat_id=10&gn=&fp=&tp=&ios=0&ft=&et=
ERR: 1064:Erreur de syntaxe près de '-15,15' à la ligne 4
 [ SQL语句 ] : SELECT a.*,b.cat_name,GROUP_CONCAT(d.cat_name SEPARATOR "<br>") ext_cat_name FROM php38_goods a LEFT JOIN php38_category b ON a.cat_id=b.id
					LEFT JOIN php38_goods_ext_cat c ON a.id=c.goods_id
					LEFT JOIN php38_category d ON c.cat_id=d.id
			  WHERE a.cat_id IN ('10') GROUP BY a.id LIMIT -15,15  

[ 2016-06-27T21:45:24+08:00 ] 127.0.0.1 /index.php/Admin/Goods/lst.html?cat_id=10&gn=&fp=&tp=&ios=0&ft=&et=
ERR: 1064:Erreur de syntaxe près de '-15,15' à la ligne 4
 [ SQL语句 ] : SELECT a.*,b.cat_name,GROUP_CONCAT(d.cat_name SEPARATOR "<br>") ext_cat_name FROM php38_goods a LEFT JOIN php38_category b ON a.cat_id=b.id
					LEFT JOIN php38_goods_ext_cat c ON a.id=c.goods_id
					LEFT JOIN php38_category d ON c.cat_id=d.id
			  WHERE a.cat_id IN ('10') GROUP BY a.id LIMIT -15,15  

[ 2016-06-27T21:45:24+08:00 ] 127.0.0.1 /index.php/Admin/Goods/lst.html?cat_id=10&gn=&fp=&tp=&ios=0&ft=&et=
ERR: 1064:Erreur de syntaxe près de '-15,15' à la ligne 4
 [ SQL语句 ] : SELECT a.*,b.cat_name,GROUP_CONCAT(d.cat_name SEPARATOR "<br>") ext_cat_name FROM php38_goods a LEFT JOIN php38_category b ON a.cat_id=b.id
					LEFT JOIN php38_goods_ext_cat c ON a.id=c.goods_id
					LEFT JOIN php38_category d ON c.cat_id=d.id
			  WHERE a.cat_id IN ('10') GROUP BY a.id LIMIT -15,15  

[ 2016-06-27T21:45:24+08:00 ] 127.0.0.1 /index.php/Admin/Goods/lst.html?cat_id=10&gn=&fp=&tp=&ios=0&ft=&et=
ERR: 1064:Erreur de syntaxe près de '-15,15' à la ligne 4
 [ SQL语句 ] : SELECT a.*,b.cat_name,GROUP_CONCAT(d.cat_name SEPARATOR "<br>") ext_cat_name FROM php38_goods a LEFT JOIN php38_category b ON a.cat_id=b.id
					LEFT JOIN php38_goods_ext_cat c ON a.id=c.goods_id
					LEFT JOIN php38_category d ON c.cat_id=d.id
			  WHERE a.cat_id IN ('10') GROUP BY a.id LIMIT -15,15  

[ 2016-06-27T21:45:24+08:00 ] 127.0.0.1 /index.php/Admin/Goods/lst.html?cat_id=10&gn=&fp=&tp=&ios=0&ft=&et=
ERR: 1064:Erreur de syntaxe près de '-15,15' à la ligne 4
 [ SQL语句 ] : SELECT a.*,b.cat_name,GROUP_CONCAT(d.cat_name SEPARATOR "<br>") ext_cat_name FROM php38_goods a LEFT JOIN php38_category b ON a.cat_id=b.id
					LEFT JOIN php38_goods_ext_cat c ON a.id=c.goods_id
					LEFT JOIN php38_category d ON c.cat_id=d.id
			  WHERE a.cat_id IN ('10') GROUP BY a.id LIMIT -15,15  

[ 2016-06-27T21:45:24+08:00 ] 127.0.0.1 /index.php/Admin/Goods/lst.html?cat_id=10&gn=&fp=&tp=&ios=0&ft=&et=
ERR: 1064:Erreur de syntaxe près de '-15,15' à la ligne 4
 [ SQL语句 ] : SELECT a.*,b.cat_name,GROUP_CONCAT(d.cat_name SEPARATOR "<br>") ext_cat_name FROM php38_goods a LEFT JOIN php38_category b ON a.cat_id=b.id
					LEFT JOIN php38_goods_ext_cat c ON a.id=c.goods_id
					LEFT JOIN php38_category d ON c.cat_id=d.id
			  WHERE a.cat_id IN ('10') GROUP BY a.id LIMIT -15,15  

[ 2016-06-27T21:45:24+08:00 ] 127.0.0.1 /index.php/Admin/Goods/lst.html?cat_id=10&gn=&fp=&tp=&ios=0&ft=&et=
ERR: 1064:Erreur de syntaxe près de '-15,15' à la ligne 4
 [ SQL语句 ] : SELECT a.*,b.cat_name,GROUP_CONCAT(d.cat_name SEPARATOR "<br>") ext_cat_name FROM php38_goods a LEFT JOIN php38_category b ON a.cat_id=b.id
					LEFT JOIN php38_goods_ext_cat c ON a.id=c.goods_id
					LEFT JOIN php38_category d ON c.cat_id=d.id
			  WHERE a.cat_id IN ('10') GROUP BY a.id LIMIT -15,15  

[ 2016-06-27T21:45:24+08:00 ] 127.0.0.1 /index.php/Admin/Goods/lst.html?cat_id=10&gn=&fp=&tp=&ios=0&ft=&et=
ERR: 1064:Erreur de syntaxe près de '-15,15' à la ligne 4
 [ SQL语句 ] : SELECT a.*,b.cat_name,GROUP_CONCAT(d.cat_name SEPARATOR "<br>") ext_cat_name FROM php38_goods a LEFT JOIN php38_category b ON a.cat_id=b.id
					LEFT JOIN php38_goods_ext_cat c ON a.id=c.goods_id
					LEFT JOIN php38_category d ON c.cat_id=d.id
			  WHERE a.cat_id IN ('10') GROUP BY a.id LIMIT -15,15  

[ 2016-06-27T21:45:24+08:00 ] 127.0.0.1 /index.php/Admin/Goods/lst.html?cat_id=10&gn=&fp=&tp=&ios=0&ft=&et=
ERR: 1064:Erreur de syntaxe près de '-15,15' à la ligne 4
 [ SQL语句 ] : SELECT a.*,b.cat_name,GROUP_CONCAT(d.cat_name SEPARATOR "<br>") ext_cat_name FROM php38_goods a LEFT JOIN php38_category b ON a.cat_id=b.id
					LEFT JOIN php38_goods_ext_cat c ON a.id=c.goods_id
					LEFT JOIN php38_category d ON c.cat_id=d.id
			  WHERE a.cat_id IN ('10') GROUP BY a.id LIMIT -15,15  

[ 2016-06-27T21:45:24+08:00 ] 127.0.0.1 /index.php/Admin/Goods/lst.html?cat_id=10&gn=&fp=&tp=&ios=0&ft=&et=
ERR: 1064:Erreur de syntaxe près de '-15,15' à la ligne 4
 [ SQL语句 ] : SELECT a.*,b.cat_name,GROUP_CONCAT(d.cat_name SEPARATOR "<br>") ext_cat_name FROM php38_goods a LEFT JOIN php38_category b ON a.cat_id=b.id
					LEFT JOIN php38_goods_ext_cat c ON a.id=c.goods_id
					LEFT JOIN php38_category d ON c.cat_id=d.id
			  WHERE a.cat_id IN ('10') GROUP BY a.id LIMIT -15,15  

[ 2016-06-27T21:45:24+08:00 ] 127.0.0.1 /index.php/Admin/Goods/lst.html?cat_id=10&gn=&fp=&tp=&ios=0&ft=&et=
ERR: 1064:Erreur de syntaxe près de '-15,15' à la ligne 4
 [ SQL语句 ] : SELECT a.*,b.cat_name,GROUP_CONCAT(d.cat_name SEPARATOR "<br>") ext_cat_name FROM php38_goods a LEFT JOIN php38_category b ON a.cat_id=b.id
					LEFT JOIN php38_goods_ext_cat c ON a.id=c.goods_id
					LEFT JOIN php38_category d ON c.cat_id=d.id
			  WHERE a.cat_id IN ('10') GROUP BY a.id LIMIT -15,15  

[ 2016-06-27T21:45:24+08:00 ] 127.0.0.1 /index.php/Admin/Goods/lst.html?cat_id=10&gn=&fp=&tp=&ios=0&ft=&et=
ERR: 1064:Erreur de syntaxe près de '-15,15' à la ligne 4
 [ SQL语句 ] : SELECT a.*,b.cat_name,GROUP_CONCAT(d.cat_name SEPARATOR "<br>") ext_cat_name FROM php38_goods a LEFT JOIN php38_category b ON a.cat_id=b.id
					LEFT JOIN php38_goods_ext_cat c ON a.id=c.goods_id
					LEFT JOIN php38_category d ON c.cat_id=d.id
			  WHERE a.cat_id IN ('10') GROUP BY a.id LIMIT -15,15  

[ 2016-06-27T21:45:24+08:00 ] 127.0.0.1 /index.php/Admin/Goods/lst.html?cat_id=10&gn=&fp=&tp=&ios=0&ft=&et=
ERR: 1064:Erreur de syntaxe près de '-15,15' à la ligne 4
 [ SQL语句 ] : SELECT a.*,b.cat_name,GROUP_CONCAT(d.cat_name SEPARATOR "<br>") ext_cat_name FROM php38_goods a LEFT JOIN php38_category b ON a.cat_id=b.id
					LEFT JOIN php38_goods_ext_cat c ON a.id=c.goods_id
					LEFT JOIN php38_category d ON c.cat_id=d.id
			  WHERE a.cat_id IN ('10') GROUP BY a.id LIMIT -15,15  

[ 2016-06-27T21:45:24+08:00 ] 127.0.0.1 /index.php/Admin/Goods/lst.html?cat_id=10&gn=&fp=&tp=&ios=0&ft=&et=
ERR: 1064:Erreur de syntaxe près de '-15,15' à la ligne 4
 [ SQL语句 ] : SELECT a.*,b.cat_name,GROUP_CONCAT(d.cat_name SEPARATOR "<br>") ext_cat_name FROM php38_goods a LEFT JOIN php38_category b ON a.cat_id=b.id
					LEFT JOIN php38_goods_ext_cat c ON a.id=c.goods_id
					LEFT JOIN php38_category d ON c.cat_id=d.id
			  WHERE a.cat_id IN ('10') GROUP BY a.id LIMIT -15,15  

[ 2016-06-27T21:45:24+08:00 ] 127.0.0.1 /index.php/Admin/Goods/lst.html?cat_id=10&gn=&fp=&tp=&ios=0&ft=&et=
ERR: 1064:Erreur de syntaxe près de '-15,15' à la ligne 4
 [ SQL语句 ] : SELECT a.*,b.cat_name,GROUP_CONCAT(d.cat_name SEPARATOR "<br>") ext_cat_name FROM php38_goods a LEFT JOIN php38_category b ON a.cat_id=b.id
					LEFT JOIN php38_goods_ext_cat c ON a.id=c.goods_id
					LEFT JOIN php38_category d ON c.cat_id=d.id
			  WHERE a.cat_id IN ('10') GROUP BY a.id LIMIT -15,15  

[ 2016-06-27T21:45:24+08:00 ] 127.0.0.1 /index.php/Admin/Goods/lst.html?cat_id=10&gn=&fp=&tp=&ios=0&ft=&et=
ERR: 1064:Erreur de syntaxe près de '-15,15' à la ligne 4
 [ SQL语句 ] : SELECT a.*,b.cat_name,GROUP_CONCAT(d.cat_name SEPARATOR "<br>") ext_cat_name FROM php38_goods a LEFT JOIN php38_category b ON a.cat_id=b.id
					LEFT JOIN php38_goods_ext_cat c ON a.id=c.goods_id
					LEFT JOIN php38_category d ON c.cat_id=d.id
			  WHERE a.cat_id IN ('10') GROUP BY a.id LIMIT -15,15  

[ 2016-06-27T21:45:25+08:00 ] 127.0.0.1 /index.php/Admin/Goods/lst.html?cat_id=10&gn=&fp=&tp=&ios=0&ft=&et=
ERR: 1064:Erreur de syntaxe près de '-15,15' à la ligne 4
 [ SQL语句 ] : SELECT a.*,b.cat_name,GROUP_CONCAT(d.cat_name SEPARATOR "<br>") ext_cat_name FROM php38_goods a LEFT JOIN php38_category b ON a.cat_id=b.id
					LEFT JOIN php38_goods_ext_cat c ON a.id=c.goods_id
					LEFT JOIN php38_category d ON c.cat_id=d.id
			  WHERE a.cat_id IN ('10') GROUP BY a.id LIMIT -15,15  

[ 2016-06-27T21:45:25+08:00 ] 127.0.0.1 /index.php/Admin/Goods/lst.html?cat_id=10&gn=&fp=&tp=&ios=0&ft=&et=
ERR: 1064:Erreur de syntaxe près de '-15,15' à la ligne 4
 [ SQL语句 ] : SELECT a.*,b.cat_name,GROUP_CONCAT(d.cat_name SEPARATOR "<br>") ext_cat_name FROM php38_goods a LEFT JOIN php38_category b ON a.cat_id=b.id
					LEFT JOIN php38_goods_ext_cat c ON a.id=c.goods_id
					LEFT JOIN php38_category d ON c.cat_id=d.id
			  WHERE a.cat_id IN ('10') GROUP BY a.id LIMIT -15,15  

[ 2016-06-27T21:45:25+08:00 ] 127.0.0.1 /index.php/Admin/Goods/lst.html?cat_id=10&gn=&fp=&tp=&ios=0&ft=&et=
ERR: 1064:Erreur de syntaxe près de '-15,15' à la ligne 4
 [ SQL语句 ] : SELECT a.*,b.cat_name,GROUP_CONCAT(d.cat_name SEPARATOR "<br>") ext_cat_name FROM php38_goods a LEFT JOIN php38_category b ON a.cat_id=b.id
					LEFT JOIN php38_goods_ext_cat c ON a.id=c.goods_id
					LEFT JOIN php38_category d ON c.cat_id=d.id
			  WHERE a.cat_id IN ('10') GROUP BY a.id LIMIT -15,15  

[ 2016-06-27T21:45:25+08:00 ] 127.0.0.1 /index.php/Admin/Goods/lst.html?cat_id=10&gn=&fp=&tp=&ios=0&ft=&et=
ERR: 1064:Erreur de syntaxe près de '-15,15' à la ligne 4
 [ SQL语句 ] : SELECT a.*,b.cat_name,GROUP_CONCAT(d.cat_name SEPARATOR "<br>") ext_cat_name FROM php38_goods a LEFT JOIN php38_category b ON a.cat_id=b.id
					LEFT JOIN php38_goods_ext_cat c ON a.id=c.goods_id
					LEFT JOIN php38_category d ON c.cat_id=d.id
			  WHERE a.cat_id IN ('10') GROUP BY a.id LIMIT -15,15  

[ 2016-06-27T21:45:26+08:00 ] 127.0.0.1 /index.php/Admin/Goods/lst.html?cat_id=10&gn=&fp=&tp=&ios=0&ft=&et=
ERR: 1064:Erreur de syntaxe près de '-15,15' à la ligne 4
 [ SQL语句 ] : SELECT a.*,b.cat_name,GROUP_CONCAT(d.cat_name SEPARATOR "<br>") ext_cat_name FROM php38_goods a LEFT JOIN php38_category b ON a.cat_id=b.id
					LEFT JOIN php38_goods_ext_cat c ON a.id=c.goods_id
					LEFT JOIN php38_category d ON c.cat_id=d.id
			  WHERE a.cat_id IN ('10') GROUP BY a.id LIMIT -15,15  

[ 2016-06-27T21:45:26+08:00 ] 127.0.0.1 /index.php/Admin/Goods/lst.html?cat_id=10&gn=&fp=&tp=&ios=0&ft=&et=
ERR: 1064:Erreur de syntaxe près de '-15,15' à la ligne 4
 [ SQL语句 ] : SELECT a.*,b.cat_name,GROUP_CONCAT(d.cat_name SEPARATOR "<br>") ext_cat_name FROM php38_goods a LEFT JOIN php38_category b ON a.cat_id=b.id
					LEFT JOIN php38_goods_ext_cat c ON a.id=c.goods_id
					LEFT JOIN php38_category d ON c.cat_id=d.id
			  WHERE a.cat_id IN ('10') GROUP BY a.id LIMIT -15,15  

[ 2016-06-27T21:45:27+08:00 ] 127.0.0.1 /index.php/Admin/Goods/lst.html?cat_id=10&gn=&fp=&tp=&ios=0&ft=&et=
ERR: 1064:Erreur de syntaxe près de '-15,15' à la ligne 4
 [ SQL语句 ] : SELECT a.*,b.cat_name,GROUP_CONCAT(d.cat_name SEPARATOR "<br>") ext_cat_name FROM php38_goods a LEFT JOIN php38_category b ON a.cat_id=b.id
					LEFT JOIN php38_goods_ext_cat c ON a.id=c.goods_id
					LEFT JOIN php38_category d ON c.cat_id=d.id
			  WHERE a.cat_id IN ('10') GROUP BY a.id LIMIT -15,15  

[ 2016-06-27T21:45:27+08:00 ] 127.0.0.1 /index.php/Admin/Goods/lst.html?cat_id=10&gn=&fp=&tp=&ios=0&ft=&et=
ERR: 1064:Erreur de syntaxe près de '-15,15' à la ligne 4
 [ SQL语句 ] : SELECT a.*,b.cat_name,GROUP_CONCAT(d.cat_name SEPARATOR "<br>") ext_cat_name FROM php38_goods a LEFT JOIN php38_category b ON a.cat_id=b.id
					LEFT JOIN php38_goods_ext_cat c ON a.id=c.goods_id
					LEFT JOIN php38_category d ON c.cat_id=d.id
			  WHERE a.cat_id IN ('10') GROUP BY a.id LIMIT -15,15  

[ 2016-06-27T21:45:28+08:00 ] 127.0.0.1 /index.php/Admin/Goods/lst.html?cat_id=10&gn=&fp=&tp=&ios=0&ft=&et=
ERR: 1064:Erreur de syntaxe près de '-15,15' à la ligne 4
 [ SQL语句 ] : SELECT a.*,b.cat_name,GROUP_CONCAT(d.cat_name SEPARATOR "<br>") ext_cat_name FROM php38_goods a LEFT JOIN php38_category b ON a.cat_id=b.id
					LEFT JOIN php38_goods_ext_cat c ON a.id=c.goods_id
					LEFT JOIN php38_category d ON c.cat_id=d.id
			  WHERE a.cat_id IN ('10') GROUP BY a.id LIMIT -15,15  

[ 2016-06-27T21:45:28+08:00 ] 127.0.0.1 /index.php/Admin/Goods/lst.html?cat_id=10&gn=&fp=&tp=&ios=0&ft=&et=
ERR: 1064:Erreur de syntaxe près de '-15,15' à la ligne 4
 [ SQL语句 ] : SELECT a.*,b.cat_name,GROUP_CONCAT(d.cat_name SEPARATOR "<br>") ext_cat_name FROM php38_goods a LEFT JOIN php38_category b ON a.cat_id=b.id
					LEFT JOIN php38_goods_ext_cat c ON a.id=c.goods_id
					LEFT JOIN php38_category d ON c.cat_id=d.id
			  WHERE a.cat_id IN ('10') GROUP BY a.id LIMIT -15,15  

[ 2016-06-27T21:45:28+08:00 ] 127.0.0.1 /index.php/Admin/Goods/lst.html?cat_id=10&gn=&fp=&tp=&ios=0&ft=&et=
ERR: 1064:Erreur de syntaxe près de '-15,15' à la ligne 4
 [ SQL语句 ] : SELECT a.*,b.cat_name,GROUP_CONCAT(d.cat_name SEPARATOR "<br>") ext_cat_name FROM php38_goods a LEFT JOIN php38_category b ON a.cat_id=b.id
					LEFT JOIN php38_goods_ext_cat c ON a.id=c.goods_id
					LEFT JOIN php38_category d ON c.cat_id=d.id
			  WHERE a.cat_id IN ('10') GROUP BY a.id LIMIT -15,15  

[ 2016-06-27T21:45:28+08:00 ] 127.0.0.1 /index.php/Admin/Goods/lst.html?cat_id=10&gn=&fp=&tp=&ios=0&ft=&et=
ERR: 1064:Erreur de syntaxe près de '-15,15' à la ligne 4
 [ SQL语句 ] : SELECT a.*,b.cat_name,GROUP_CONCAT(d.cat_name SEPARATOR "<br>") ext_cat_name FROM php38_goods a LEFT JOIN php38_category b ON a.cat_id=b.id
					LEFT JOIN php38_goods_ext_cat c ON a.id=c.goods_id
					LEFT JOIN php38_category d ON c.cat_id=d.id
			  WHERE a.cat_id IN ('10') GROUP BY a.id LIMIT -15,15  

[ 2016-06-27T21:45:28+08:00 ] 127.0.0.1 /index.php/Admin/Goods/lst.html?cat_id=10&gn=&fp=&tp=&ios=0&ft=&et=
ERR: 1064:Erreur de syntaxe près de '-15,15' à la ligne 4
 [ SQL语句 ] : SELECT a.*,b.cat_name,GROUP_CONCAT(d.cat_name SEPARATOR "<br>") ext_cat_name FROM php38_goods a LEFT JOIN php38_category b ON a.cat_id=b.id
					LEFT JOIN php38_goods_ext_cat c ON a.id=c.goods_id
					LEFT JOIN php38_category d ON c.cat_id=d.id
			  WHERE a.cat_id IN ('10') GROUP BY a.id LIMIT -15,15  

[ 2016-06-27T21:45:28+08:00 ] 127.0.0.1 /index.php/Admin/Goods/lst.html?cat_id=10&gn=&fp=&tp=&ios=0&ft=&et=
ERR: 1064:Erreur de syntaxe près de '-15,15' à la ligne 4
 [ SQL语句 ] : SELECT a.*,b.cat_name,GROUP_CONCAT(d.cat_name SEPARATOR "<br>") ext_cat_name FROM php38_goods a LEFT JOIN php38_category b ON a.cat_id=b.id
					LEFT JOIN php38_goods_ext_cat c ON a.id=c.goods_id
					LEFT JOIN php38_category d ON c.cat_id=d.id
			  WHERE a.cat_id IN ('10') GROUP BY a.id LIMIT -15,15  

[ 2016-06-27T21:45:29+08:00 ] 127.0.0.1 /index.php/Admin/Goods/lst.html?cat_id=10&gn=&fp=&tp=&ios=0&ft=&et=
ERR: 1064:Erreur de syntaxe près de '-15,15' à la ligne 4
 [ SQL语句 ] : SELECT a.*,b.cat_name,GROUP_CONCAT(d.cat_name SEPARATOR "<br>") ext_cat_name FROM php38_goods a LEFT JOIN php38_category b ON a.cat_id=b.id
					LEFT JOIN php38_goods_ext_cat c ON a.id=c.goods_id
					LEFT JOIN php38_category d ON c.cat_id=d.id
			  WHERE a.cat_id IN ('10') GROUP BY a.id LIMIT -15,15  

[ 2016-06-27T21:45:29+08:00 ] 127.0.0.1 /index.php/Admin/Goods/lst.html?cat_id=10&gn=&fp=&tp=&ios=0&ft=&et=
ERR: 1064:Erreur de syntaxe près de '-15,15' à la ligne 4
 [ SQL语句 ] : SELECT a.*,b.cat_name,GROUP_CONCAT(d.cat_name SEPARATOR "<br>") ext_cat_name FROM php38_goods a LEFT JOIN php38_category b ON a.cat_id=b.id
					LEFT JOIN php38_goods_ext_cat c ON a.id=c.goods_id
					LEFT JOIN php38_category d ON c.cat_id=d.id
			  WHERE a.cat_id IN ('10') GROUP BY a.id LIMIT -15,15  

[ 2016-06-27T21:45:29+08:00 ] 127.0.0.1 /index.php/Admin/Goods/lst.html?cat_id=10&gn=&fp=&tp=&ios=0&ft=&et=
ERR: 1064:Erreur de syntaxe près de '-15,15' à la ligne 4
 [ SQL语句 ] : SELECT a.*,b.cat_name,GROUP_CONCAT(d.cat_name SEPARATOR "<br>") ext_cat_name FROM php38_goods a LEFT JOIN php38_category b ON a.cat_id=b.id
					LEFT JOIN php38_goods_ext_cat c ON a.id=c.goods_id
					LEFT JOIN php38_category d ON c.cat_id=d.id
			  WHERE a.cat_id IN ('10') GROUP BY a.id LIMIT -15,15  

[ 2016-06-27T21:45:29+08:00 ] 127.0.0.1 /index.php/Admin/Goods/lst.html?cat_id=10&gn=&fp=&tp=&ios=0&ft=&et=
ERR: 1064:Erreur de syntaxe près de '-15,15' à la ligne 4
 [ SQL语句 ] : SELECT a.*,b.cat_name,GROUP_CONCAT(d.cat_name SEPARATOR "<br>") ext_cat_name FROM php38_goods a LEFT JOIN php38_category b ON a.cat_id=b.id
					LEFT JOIN php38_goods_ext_cat c ON a.id=c.goods_id
					LEFT JOIN php38_category d ON c.cat_id=d.id
			  WHERE a.cat_id IN ('10') GROUP BY a.id LIMIT -15,15  

[ 2016-06-27T21:45:29+08:00 ] 127.0.0.1 /index.php/Admin/Goods/lst.html?cat_id=10&gn=&fp=&tp=&ios=0&ft=&et=
ERR: 1064:Erreur de syntaxe près de '-15,15' à la ligne 4
 [ SQL语句 ] : SELECT a.*,b.cat_name,GROUP_CONCAT(d.cat_name SEPARATOR "<br>") ext_cat_name FROM php38_goods a LEFT JOIN php38_category b ON a.cat_id=b.id
					LEFT JOIN php38_goods_ext_cat c ON a.id=c.goods_id
					LEFT JOIN php38_category d ON c.cat_id=d.id
			  WHERE a.cat_id IN ('10') GROUP BY a.id LIMIT -15,15  

[ 2016-06-27T21:45:30+08:00 ] 127.0.0.1 /index.php/Admin/Goods/lst.html?cat_id=10&gn=&fp=&tp=&ios=0&ft=&et=
ERR: 1064:Erreur de syntaxe près de '-15,15' à la ligne 4
 [ SQL语句 ] : SELECT a.*,b.cat_name,GROUP_CONCAT(d.cat_name SEPARATOR "<br>") ext_cat_name FROM php38_goods a LEFT JOIN php38_category b ON a.cat_id=b.id
					LEFT JOIN php38_goods_ext_cat c ON a.id=c.goods_id
					LEFT JOIN php38_category d ON c.cat_id=d.id
			  WHERE a.cat_id IN ('10') GROUP BY a.id LIMIT -15,15  

[ 2016-06-27T21:45:30+08:00 ] 127.0.0.1 /index.php/Admin/Goods/lst.html?cat_id=10&gn=&fp=&tp=&ios=0&ft=&et=
ERR: 1064:Erreur de syntaxe près de '-15,15' à la ligne 4
 [ SQL语句 ] : SELECT a.*,b.cat_name,GROUP_CONCAT(d.cat_name SEPARATOR "<br>") ext_cat_name FROM php38_goods a LEFT JOIN php38_category b ON a.cat_id=b.id
					LEFT JOIN php38_goods_ext_cat c ON a.id=c.goods_id
					LEFT JOIN php38_category d ON c.cat_id=d.id
			  WHERE a.cat_id IN ('10') GROUP BY a.id LIMIT -15,15  

[ 2016-06-27T21:45:30+08:00 ] 127.0.0.1 /index.php/Admin/Goods/lst.html?cat_id=10&gn=&fp=&tp=&ios=0&ft=&et=
ERR: 1064:Erreur de syntaxe près de '-15,15' à la ligne 4
 [ SQL语句 ] : SELECT a.*,b.cat_name,GROUP_CONCAT(d.cat_name SEPARATOR "<br>") ext_cat_name FROM php38_goods a LEFT JOIN php38_category b ON a.cat_id=b.id
					LEFT JOIN php38_goods_ext_cat c ON a.id=c.goods_id
					LEFT JOIN php38_category d ON c.cat_id=d.id
			  WHERE a.cat_id IN ('10') GROUP BY a.id LIMIT -15,15  

[ 2016-06-27T21:45:30+08:00 ] 127.0.0.1 /index.php/Admin/Goods/lst.html?cat_id=10&gn=&fp=&tp=&ios=0&ft=&et=
ERR: 1064:Erreur de syntaxe près de '-15,15' à la ligne 4
 [ SQL语句 ] : SELECT a.*,b.cat_name,GROUP_CONCAT(d.cat_name SEPARATOR "<br>") ext_cat_name FROM php38_goods a LEFT JOIN php38_category b ON a.cat_id=b.id
					LEFT JOIN php38_goods_ext_cat c ON a.id=c.goods_id
					LEFT JOIN php38_category d ON c.cat_id=d.id
			  WHERE a.cat_id IN ('10') GROUP BY a.id LIMIT -15,15  

[ 2016-06-27T21:45:30+08:00 ] 127.0.0.1 /index.php/Admin/Goods/lst.html?cat_id=10&gn=&fp=&tp=&ios=0&ft=&et=
ERR: 1064:Erreur de syntaxe près de '-15,15' à la ligne 4
 [ SQL语句 ] : SELECT a.*,b.cat_name,GROUP_CONCAT(d.cat_name SEPARATOR "<br>") ext_cat_name FROM php38_goods a LEFT JOIN php38_category b ON a.cat_id=b.id
					LEFT JOIN php38_goods_ext_cat c ON a.id=c.goods_id
					LEFT JOIN php38_category d ON c.cat_id=d.id
			  WHERE a.cat_id IN ('10') GROUP BY a.id LIMIT -15,15  

[ 2016-06-27T21:45:30+08:00 ] 127.0.0.1 /index.php/Admin/Goods/lst.html?cat_id=10&gn=&fp=&tp=&ios=0&ft=&et=
ERR: 1064:Erreur de syntaxe près de '-15,15' à la ligne 4
 [ SQL语句 ] : SELECT a.*,b.cat_name,GROUP_CONCAT(d.cat_name SEPARATOR "<br>") ext_cat_name FROM php38_goods a LEFT JOIN php38_category b ON a.cat_id=b.id
					LEFT JOIN php38_goods_ext_cat c ON a.id=c.goods_id
					LEFT JOIN php38_category d ON c.cat_id=d.id
			  WHERE a.cat_id IN ('10') GROUP BY a.id LIMIT -15,15  

[ 2016-06-27T21:45:30+08:00 ] 127.0.0.1 /index.php/Admin/Goods/lst.html?cat_id=10&gn=&fp=&tp=&ios=0&ft=&et=
ERR: 1064:Erreur de syntaxe près de '-15,15' à la ligne 4
 [ SQL语句 ] : SELECT a.*,b.cat_name,GROUP_CONCAT(d.cat_name SEPARATOR "<br>") ext_cat_name FROM php38_goods a LEFT JOIN php38_category b ON a.cat_id=b.id
					LEFT JOIN php38_goods_ext_cat c ON a.id=c.goods_id
					LEFT JOIN php38_category d ON c.cat_id=d.id
			  WHERE a.cat_id IN ('10') GROUP BY a.id LIMIT -15,15  

[ 2016-06-27T21:45:30+08:00 ] 127.0.0.1 /index.php/Admin/Goods/lst.html?cat_id=10&gn=&fp=&tp=&ios=0&ft=&et=
ERR: 1064:Erreur de syntaxe près de '-15,15' à la ligne 4
 [ SQL语句 ] : SELECT a.*,b.cat_name,GROUP_CONCAT(d.cat_name SEPARATOR "<br>") ext_cat_name FROM php38_goods a LEFT JOIN php38_category b ON a.cat_id=b.id
					LEFT JOIN php38_goods_ext_cat c ON a.id=c.goods_id
					LEFT JOIN php38_category d ON c.cat_id=d.id
			  WHERE a.cat_id IN ('10') GROUP BY a.id LIMIT -15,15  

[ 2016-06-27T21:45:31+08:00 ] 127.0.0.1 /index.php/Admin/Goods/lst.html?cat_id=10&gn=&fp=&tp=&ios=0&ft=&et=
ERR: 1064:Erreur de syntaxe près de '-15,15' à la ligne 4
 [ SQL语句 ] : SELECT a.*,b.cat_name,GROUP_CONCAT(d.cat_name SEPARATOR "<br>") ext_cat_name FROM php38_goods a LEFT JOIN php38_category b ON a.cat_id=b.id
					LEFT JOIN php38_goods_ext_cat c ON a.id=c.goods_id
					LEFT JOIN php38_category d ON c.cat_id=d.id
			  WHERE a.cat_id IN ('10') GROUP BY a.id LIMIT -15,15  

[ 2016-06-27T21:45:31+08:00 ] 127.0.0.1 /index.php/Admin/Goods/lst.html?cat_id=10&gn=&fp=&tp=&ios=0&ft=&et=
ERR: 1064:Erreur de syntaxe près de '-15,15' à la ligne 4
 [ SQL语句 ] : SELECT a.*,b.cat_name,GROUP_CONCAT(d.cat_name SEPARATOR "<br>") ext_cat_name FROM php38_goods a LEFT JOIN php38_category b ON a.cat_id=b.id
					LEFT JOIN php38_goods_ext_cat c ON a.id=c.goods_id
					LEFT JOIN php38_category d ON c.cat_id=d.id
			  WHERE a.cat_id IN ('10') GROUP BY a.id LIMIT -15,15  

[ 2016-06-27T21:45:32+08:00 ] 127.0.0.1 /index.php/Admin/Goods/lst.html?cat_id=10&gn=&fp=&tp=&ios=0&ft=&et=
ERR: 1064:Erreur de syntaxe près de '-15,15' à la ligne 4
 [ SQL语句 ] : SELECT a.*,b.cat_name,GROUP_CONCAT(d.cat_name SEPARATOR "<br>") ext_cat_name FROM php38_goods a LEFT JOIN php38_category b ON a.cat_id=b.id
					LEFT JOIN php38_goods_ext_cat c ON a.id=c.goods_id
					LEFT JOIN php38_category d ON c.cat_id=d.id
			  WHERE a.cat_id IN ('10') GROUP BY a.id LIMIT -15,15  

[ 2016-06-27T21:45:32+08:00 ] 127.0.0.1 /index.php/Admin/Goods/lst.html?cat_id=10&gn=&fp=&tp=&ios=0&ft=&et=
ERR: 1064:Erreur de syntaxe près de '-15,15' à la ligne 4
 [ SQL语句 ] : SELECT a.*,b.cat_name,GROUP_CONCAT(d.cat_name SEPARATOR "<br>") ext_cat_name FROM php38_goods a LEFT JOIN php38_category b ON a.cat_id=b.id
					LEFT JOIN php38_goods_ext_cat c ON a.id=c.goods_id
					LEFT JOIN php38_category d ON c.cat_id=d.id
			  WHERE a.cat_id IN ('10') GROUP BY a.id LIMIT -15,15  

[ 2016-06-27T21:45:32+08:00 ] 127.0.0.1 /index.php/Admin/Goods/lst.html?cat_id=10&gn=&fp=&tp=&ios=0&ft=&et=
ERR: 1064:Erreur de syntaxe près de '-15,15' à la ligne 4
 [ SQL语句 ] : SELECT a.*,b.cat_name,GROUP_CONCAT(d.cat_name SEPARATOR "<br>") ext_cat_name FROM php38_goods a LEFT JOIN php38_category b ON a.cat_id=b.id
					LEFT JOIN php38_goods_ext_cat c ON a.id=c.goods_id
					LEFT JOIN php38_category d ON c.cat_id=d.id
			  WHERE a.cat_id IN ('10') GROUP BY a.id LIMIT -15,15  

[ 2016-06-27T21:45:33+08:00 ] 127.0.0.1 /index.php/Admin/Goods/lst.html?cat_id=10&gn=&fp=&tp=&ios=0&ft=&et=
ERR: 1064:Erreur de syntaxe près de '-15,15' à la ligne 4
 [ SQL语句 ] : SELECT a.*,b.cat_name,GROUP_CONCAT(d.cat_name SEPARATOR "<br>") ext_cat_name FROM php38_goods a LEFT JOIN php38_category b ON a.cat_id=b.id
					LEFT JOIN php38_goods_ext_cat c ON a.id=c.goods_id
					LEFT JOIN php38_category d ON c.cat_id=d.id
			  WHERE a.cat_id IN ('10') GROUP BY a.id LIMIT -15,15  

[ 2016-06-27T21:45:33+08:00 ] 127.0.0.1 /index.php/Admin/Goods/lst.html?cat_id=10&gn=&fp=&tp=&ios=0&ft=&et=
ERR: 1064:Erreur de syntaxe près de '-15,15' à la ligne 4
 [ SQL语句 ] : SELECT a.*,b.cat_name,GROUP_CONCAT(d.cat_name SEPARATOR "<br>") ext_cat_name FROM php38_goods a LEFT JOIN php38_category b ON a.cat_id=b.id
					LEFT JOIN php38_goods_ext_cat c ON a.id=c.goods_id
					LEFT JOIN php38_category d ON c.cat_id=d.id
			  WHERE a.cat_id IN ('10') GROUP BY a.id LIMIT -15,15  

[ 2016-06-27T21:57:01+08:00 ] 127.0.0.1 /index.php/Admin/Goods/lst.html?cat_id=8&gn=&fp=&tp=&ios=0&ft=&et=
ERR: 1064:Erreur de syntaxe près de '-15,15' à la ligne 4
 [ SQL语句 ] : SELECT a.*,b.cat_name,GROUP_CONCAT(d.cat_name SEPARATOR "<br>") ext_cat_name FROM php38_goods a LEFT JOIN php38_category b ON a.cat_id=b.id
					LEFT JOIN php38_goods_ext_cat c ON a.id=c.goods_id
					LEFT JOIN php38_category d ON c.cat_id=d.id
			  WHERE a.cat_id IN ('10','8') GROUP BY a.id LIMIT -15,15  

[ 2016-06-27T21:57:13+08:00 ] 127.0.0.1 /index.php/Admin/Goods/lst.html?cat_id=8&gn=&fp=&tp=&ios=0&ft=&et=
ERR: 1064:Erreur de syntaxe près de '-15,15' à la ligne 4
 [ SQL语句 ] : SELECT a.*,b.cat_name,GROUP_CONCAT(d.cat_name SEPARATOR "<br>") ext_cat_name FROM php38_goods a LEFT JOIN php38_category b ON a.cat_id=b.id
					LEFT JOIN php38_goods_ext_cat c ON a.id=c.goods_id
					LEFT JOIN php38_category d ON c.cat_id=d.id
			  WHERE a.cat_id IN ('10','8') GROUP BY a.id LIMIT -15,15  

[ 2016-06-27T21:59:01+08:00 ] 127.0.0.1 /index.php/Admin/Goods/lst.html?cat_id=8&gn=&fp=&tp=&ios=0&ft=&et=
ERR: 1064:Erreur de syntaxe près de '-15,15' à la ligne 4
 [ SQL语句 ] : SELECT a.*,b.cat_name,GROUP_CONCAT(d.cat_name SEPARATOR "<br>") ext_cat_name FROM php38_goods a LEFT JOIN php38_category b ON a.cat_id=b.id
					LEFT JOIN php38_goods_ext_cat c ON a.id=c.goods_id
					LEFT JOIN php38_category d ON c.cat_id=d.id
			  WHERE a.cat_id IN ('10','8') GROUP BY a.id LIMIT -15,15  

[ 2016-06-27T21:59:31+08:00 ] 127.0.0.1 /index.php/Admin/Goods/lst.html?cat_id=9&gn=&fp=&tp=&ios=0&ft=&et=
ERR: 1064:Erreur de syntaxe près de '-15,15' à la ligne 4
 [ SQL语句 ] : SELECT a.*,b.cat_name,GROUP_CONCAT(d.cat_name SEPARATOR "<br>") ext_cat_name FROM php38_goods a LEFT JOIN php38_category b ON a.cat_id=b.id
					LEFT JOIN php38_goods_ext_cat c ON a.id=c.goods_id
					LEFT JOIN php38_category d ON c.cat_id=d.id
			  WHERE a.cat_id IN ('9') GROUP BY a.id LIMIT -15,15  

[ 2016-06-27T22:00:13+08:00 ] 127.0.0.1 /index.php/Admin/Goods/lst.html?cat_id=7&gn=&fp=&tp=&ios=0&ft=&et=
ERR: 1064:Erreur de syntaxe près de '-15,15' à la ligne 4
 [ SQL语句 ] : SELECT a.*,b.cat_name,GROUP_CONCAT(d.cat_name SEPARATOR "<br>") ext_cat_name FROM php38_goods a LEFT JOIN php38_category b ON a.cat_id=b.id
					LEFT JOIN php38_goods_ext_cat c ON a.id=c.goods_id
					LEFT JOIN php38_category d ON c.cat_id=d.id
			  WHERE a.cat_id IN ('9','7') GROUP BY a.id LIMIT -15,15  

[ 2016-06-27T22:00:42+08:00 ] 127.0.0.1 /index.php/Admin/Goods/lst.html?cat_id=7&gn=&fp=&tp=&ios=0&ft=&et=
ERR: 1064:Erreur de syntaxe près de '-15,15' à la ligne 4
 [ SQL语句 ] : SELECT a.*,b.cat_name,GROUP_CONCAT(d.cat_name SEPARATOR "<br>") ext_cat_name FROM php38_goods a LEFT JOIN php38_category b ON a.cat_id=b.id
					LEFT JOIN php38_goods_ext_cat c ON a.id=c.goods_id
					LEFT JOIN php38_category d ON c.cat_id=d.id
			  WHERE a.cat_id IN ('9','7') GROUP BY a.id LIMIT -15,15  

[ 2016-06-27T22:10:09+08:00 ] 127.0.0.1 /index.php/Admin/Goods/lst.html?cat_id=10&gn=&fp=&tp=&ios=0&ft=&et=
ERR: 1064:Erreur de syntaxe près de '-15,15' à la ligne 4
 [ SQL语句 ] : SELECT a.*,b.cat_name,GROUP_CONCAT(d.cat_name SEPARATOR "<br>") ext_cat_name FROM php38_goods a LEFT JOIN php38_category b ON a.cat_id=b.id
					LEFT JOIN php38_goods_ext_cat c ON a.id=c.goods_id
					LEFT JOIN php38_category d ON c.cat_id=d.id
			  WHERE a.cat_id IN ('10') GROUP BY a.id LIMIT -15,15  

[ 2016-06-27T22:10:52+08:00 ] 127.0.0.1 /index.php/Admin/Goods/lst.html?cat_id=10&gn=&fp=&tp=&ios=0&ft=&et=
ERR: 1064:Erreur de syntaxe près de '-15,15' à la ligne 4
 [ SQL语句 ] : SELECT a.*,b.cat_name,GROUP_CONCAT(d.cat_name SEPARATOR "<br>") ext_cat_name FROM php38_goods a LEFT JOIN php38_category b ON a.cat_id=b.id
					LEFT JOIN php38_goods_ext_cat c ON a.id=c.goods_id
					LEFT JOIN php38_category d ON c.cat_id=d.id
			  WHERE a.cat_id IN ('10') GROUP BY a.id LIMIT -15,15  

[ 2016-06-27T22:11:06+08:00 ] 127.0.0.1 /index.php/Admin/Goods/lst.html?cat_id=10&gn=&fp=&tp=&ios=0&ft=&et=
ERR: 1064:Erreur de syntaxe près de '-15,15' à la ligne 4
 [ SQL语句 ] : SELECT a.*,b.cat_name,GROUP_CONCAT(d.cat_name SEPARATOR "<br>") ext_cat_name FROM php38_goods a LEFT JOIN php38_category b ON a.cat_id=b.id
					LEFT JOIN php38_goods_ext_cat c ON a.id=c.goods_id
					LEFT JOIN php38_category d ON c.cat_id=d.id
			  WHERE a.cat_id IN ('10') GROUP BY a.id LIMIT -15,15  

[ 2016-06-27T22:11:46+08:00 ] 127.0.0.1 /index.php/Admin/Goods/lst.html?cat_id=10&gn=&fp=&tp=&ios=0&ft=&et=
ERR: 1064:Erreur de syntaxe près de '-15,15' à la ligne 4
 [ SQL语句 ] : SELECT a.*,b.cat_name,GROUP_CONCAT(d.cat_name SEPARATOR "<br>") ext_cat_name FROM php38_goods a LEFT JOIN php38_category b ON a.cat_id=b.id
					LEFT JOIN php38_goods_ext_cat c ON a.id=c.goods_id
					LEFT JOIN php38_category d ON c.cat_id=d.id
			  WHERE a.cat_id IN ('10') GROUP BY a.id LIMIT -15,15  

[ 2016-06-27T22:18:23+08:00 ] 127.0.0.1 /index.php/Admin/Goods/lst.html?cat_id=10&gn=&fp=&tp=&ios=0&ft=&et=
ERR: 1064:Erreur de syntaxe près de '-15,15' à la ligne 4
 [ SQL语句 ] : SELECT a.*,b.cat_name,GROUP_CONCAT(d.cat_name SEPARATOR "<br>") ext_cat_name FROM php38_goods a LEFT JOIN php38_category b ON a.cat_id=b.id
					LEFT JOIN php38_goods_ext_cat c ON a.id=c.goods_id
					LEFT JOIN php38_category d ON c.cat_id=d.id
			  WHERE a.cat_id IN ('10') GROUP BY a.id LIMIT -15,15  

[ 2016-06-27T22:22:25+08:00 ] 127.0.0.1 /index.php/Admin/Goods/lst.html?cat_id=10&gn=&fp=&tp=&ios=0&ft=&et=
ERR: 1064:Erreur de syntaxe près de '-15,15' à la ligne 4
 [ SQL语句 ] : SELECT a.*,b.cat_name,GROUP_CONCAT(d.cat_name SEPARATOR "<br>") ext_cat_name FROM php38_goods a LEFT JOIN php38_category b ON a.cat_id=b.id
					LEFT JOIN php38_goods_ext_cat c ON a.id=c.goods_id
					LEFT JOIN php38_category d ON c.cat_id=d.id
			  WHERE a.cat_id IN ('10') GROUP BY a.id LIMIT -15,15  

[ 2016-06-27T22:39:02+08:00 ] 127.0.0.1 /index.php/Admin/Goods/__GROUP__
ERR: 非法操作:__GROUP__

[ 2016-06-27T22:40:20+08:00 ] 127.0.0.1 /index.php/Admin/Goods/lst.html?cat_id=7&gn=&fp=&tp=&ios=0&ft=&et=
ERR: 1064:Erreur de syntaxe près de '-15,15' à la ligne 4
 [ SQL语句 ] : SELECT a.*,b.cat_name,GROUP_CONCAT(d.cat_name SEPARATOR "<br>") ext_cat_name FROM php38_goods a LEFT JOIN php38_category b ON a.cat_id=b.id
					LEFT JOIN php38_goods_ext_cat c ON a.id=c.goods_id
					LEFT JOIN php38_category d ON c.cat_id=d.id
			  WHERE a.cat_id IN ('9','7') GROUP BY a.id LIMIT -15,15  

[ 2016-06-27T22:40:29+08:00 ] 127.0.0.1 /index.php/Admin/Goods/lst.html?cat_id=9&gn=&fp=&tp=&ios=0&ft=&et=
ERR: 1064:Erreur de syntaxe près de '-15,15' à la ligne 4
 [ SQL语句 ] : SELECT a.*,b.cat_name,GROUP_CONCAT(d.cat_name SEPARATOR "<br>") ext_cat_name FROM php38_goods a LEFT JOIN php38_category b ON a.cat_id=b.id
					LEFT JOIN php38_goods_ext_cat c ON a.id=c.goods_id
					LEFT JOIN php38_category d ON c.cat_id=d.id
			  WHERE a.cat_id IN ('9') GROUP BY a.id LIMIT -15,15  

[ 2016-06-27T22:40:33+08:00 ] 127.0.0.1 /index.php/Admin/Goods/lst.html?cat_id=8&gn=&fp=&tp=&ios=0&ft=&et=
ERR: 1064:Erreur de syntaxe près de '-15,15' à la ligne 4
 [ SQL语句 ] : SELECT a.*,b.cat_name,GROUP_CONCAT(d.cat_name SEPARATOR "<br>") ext_cat_name FROM php38_goods a LEFT JOIN php38_category b ON a.cat_id=b.id
					LEFT JOIN php38_goods_ext_cat c ON a.id=c.goods_id
					LEFT JOIN php38_category d ON c.cat_id=d.id
			  WHERE a.cat_id IN ('10','8') GROUP BY a.id LIMIT -15,15  

[ 2016-06-27T22:41:18+08:00 ] 127.0.0.1 /index.php/Admin/Goods/lst.html?cat_id=8&gn=&fp=&tp=&ios=0&ft=&et=
ERR: 1064:Erreur de syntaxe près de '-15,15' à la ligne 4
 [ SQL语句 ] : SELECT a.*,b.cat_name,GROUP_CONCAT(d.cat_name SEPARATOR "<br>") ext_cat_name FROM php38_goods a LEFT JOIN php38_category b ON a.cat_id=b.id
					LEFT JOIN php38_goods_ext_cat c ON a.id=c.goods_id
					LEFT JOIN php38_category d ON c.cat_id=d.id
			  WHERE a.cat_id IN ('10','8') GROUP BY a.id LIMIT -15,15  

[ 2016-06-27T22:41:24+08:00 ] 127.0.0.1 /index.php/Admin/Goods/lst.html?cat_id=10&gn=&fp=&tp=&ios=0&ft=&et=
ERR: 1064:Erreur de syntaxe près de '-15,15' à la ligne 4
 [ SQL语句 ] : SELECT a.*,b.cat_name,GROUP_CONCAT(d.cat_name SEPARATOR "<br>") ext_cat_name FROM php38_goods a LEFT JOIN php38_category b ON a.cat_id=b.id
					LEFT JOIN php38_goods_ext_cat c ON a.id=c.goods_id
					LEFT JOIN php38_category d ON c.cat_id=d.id
			  WHERE a.cat_id IN ('10') GROUP BY a.id LIMIT -15,15  

[ 2016-06-27T22:57:58+08:00 ] 127.0.0.1 /index.php/Admin/Goods/lst.html?cat_id=10&gn=&fp=&tp=&ios=0&ft=&et=
ERR: 1064:Erreur de syntaxe près de ') LIMIT 1' à la ligne 1
 [ SQL语句 ] : SELECT COUNT(*) AS tp_count FROM php38_goods a WHERE a.cat_id IN(10) OR a.id IN() LIMIT 1  

