[ 2016-08-05T11:42:25+08:00 ] 127.0.0.1 /index.php/Admin/Goods/ajaxGetAttr/type_id/1
INFO: [ app_begin ] --START--
INFO: Run Behavior\ReadHtmlCacheBehavior [ RunTime:0.000304s ]
INFO: [ app_begin ] --END-- [ RunTime:0.000570s ]
SQL: SHOW COLUMNS FROM `php38_privilege` [ RunTime:0.0034s ]
SQL: SHOW COLUMNS FROM `php38_attribute` [ RunTime:0.0034s ]
SQL: SELECT * FROM `php38_attribute` WHERE `type_id` = '1'  [ RunTime:0.0003s ]
INFO: [ app_end ] --START--
INFO: Run Behavior\ShowPageTraceBehavior [ RunTime:0.000929s ]
INFO: [ app_end ] --END-- [ RunTime:0.001176s ]

[ 2016-08-05T11:58:51+08:00 ] 127.0.0.1 /index.php/Admin/Goods/ajaxGetAttr/type_id/1
INFO: [ app_begin ] --START--
INFO: Run Behavior\ReadHtmlCacheBehavior [ RunTime:0.000301s ]
INFO: [ app_begin ] --END-- [ RunTime:0.000563s ]
SQL: SHOW COLUMNS FROM `php38_privilege` [ RunTime:0.0027s ]
SQL: SHOW COLUMNS FROM `php38_attribute` [ RunTime:0.0022s ]
SQL: SELECT * FROM `php38_attribute` WHERE `type_id` = '1'  [ RunTime:0.0002s ]
INFO: [ app_end ] --START--
INFO: Run Behavior\ShowPageTraceBehavior [ RunTime:0.000332s ]
INFO: [ app_end ] --END-- [ RunTime:0.000405s ]

[ 2016-08-05T11:59:19+08:00 ] 127.0.0.1 /index.php/Admin/Goods/ajaxGetAttr/type_id/2
INFO: [ app_begin ] --START--
INFO: Run Behavior\ReadHtmlCacheBehavior [ RunTime:0.000307s ]
INFO: [ app_begin ] --END-- [ RunTime:0.000563s ]
SQL: SHOW COLUMNS FROM `php38_privilege` [ RunTime:0.0026s ]
SQL: SHOW COLUMNS FROM `php38_attribute` [ RunTime:0.0026s ]
SQL: SELECT * FROM `php38_attribute` WHERE `type_id` = '2'  [ RunTime:0.0002s ]
INFO: [ app_end ] --START--
INFO: Run Behavior\ShowPageTraceBehavior [ RunTime:0.000359s ]
INFO: [ app_end ] --END-- [ RunTime:0.000425s ]

[ 2016-08-05T11:59:22+08:00 ] 127.0.0.1 /index.php/Admin/Goods/ajaxGetAttr/type_id/1
INFO: [ app_begin ] --START--
INFO: Run Behavior\ReadHtmlCacheBehavior [ RunTime:0.000303s ]
INFO: [ app_begin ] --END-- [ RunTime:0.000561s ]
SQL: SHOW COLUMNS FROM `php38_privilege` [ RunTime:0.0024s ]
SQL: SHOW COLUMNS FROM `php38_attribute` [ RunTime:0.0022s ]
SQL: SELECT * FROM `php38_attribute` WHERE `type_id` = '1'  [ RunTime:0.0003s ]
INFO: [ app_end ] --START--
INFO: Run Behavior\ShowPageTraceBehavior [ RunTime:0.000364s ]
INFO: [ app_end ] --END-- [ RunTime:0.000440s ]

[ 2016-08-05T12:00:37+08:00 ] 127.0.0.1 /index.php/Admin/Goods/ajaxGetAttr/type_id/
INFO: [ app_begin ] --START--
INFO: Run Behavior\ReadHtmlCacheBehavior [ RunTime:0.000370s ]
INFO: [ app_begin ] --END-- [ RunTime:0.000649s ]
SQL: SHOW COLUMNS FROM `php38_privilege` [ RunTime:0.0023s ]

[ 2016-08-05T12:00:40+08:00 ] 127.0.0.1 /index.php/Admin/Goods/ajaxGetAttr/type_id/1
INFO: [ app_begin ] --START--
INFO: Run Behavior\ReadHtmlCacheBehavior [ RunTime:0.000301s ]
INFO: [ app_begin ] --END-- [ RunTime:0.000560s ]
SQL: SHOW COLUMNS FROM `php38_privilege` [ RunTime:0.0030s ]
SQL: SHOW COLUMNS FROM `php38_attribute` [ RunTime:0.0024s ]
SQL: SELECT * FROM `php38_attribute` WHERE `type_id` = '1'  [ RunTime:0.0002s ]
INFO: [ app_end ] --START--
INFO: Run Behavior\ShowPageTraceBehavior [ RunTime:0.000419s ]
INFO: [ app_end ] --END-- [ RunTime:0.000495s ]

[ 2016-08-05T12:00:43+08:00 ] 127.0.0.1 /index.php/Admin/Goods/ajaxGetAttr/type_id/2
INFO: [ app_begin ] --START--
INFO: Run Behavior\ReadHtmlCacheBehavior [ RunTime:0.000300s ]
INFO: [ app_begin ] --END-- [ RunTime:0.000556s ]
SQL: SHOW COLUMNS FROM `php38_privilege` [ RunTime:0.0385s ]
SQL: SHOW COLUMNS FROM `php38_attribute` [ RunTime:0.0355s ]
SQL: SELECT * FROM `php38_attribute` WHERE `type_id` = '2'  [ RunTime:0.0003s ]
INFO: [ app_end ] --START--
INFO: Run Behavior\ShowPageTraceBehavior [ RunTime:0.000341s ]
INFO: [ app_end ] --END-- [ RunTime:0.000416s ]

[ 2016-08-05T12:00:51+08:00 ] 127.0.0.1 /index.php/Admin/Goods/ajaxGetAttr/type_id/1
INFO: [ app_begin ] --START--
INFO: Run Behavior\ReadHtmlCacheBehavior [ RunTime:0.000303s ]
INFO: [ app_begin ] --END-- [ RunTime:0.000575s ]
SQL: SHOW COLUMNS FROM `php38_privilege` [ RunTime:0.0024s ]
SQL: SHOW COLUMNS FROM `php38_attribute` [ RunTime:0.0020s ]
SQL: SELECT * FROM `php38_attribute` WHERE `type_id` = '1'  [ RunTime:0.0002s ]
INFO: [ app_end ] --START--
INFO: Run Behavior\ShowPageTraceBehavior [ RunTime:0.000324s ]
INFO: [ app_end ] --END-- [ RunTime:0.000399s ]

[ 2016-08-05T12:01:54+08:00 ] 127.0.0.1 /index.php/Admin/Goods/ajaxGetAttr/type_id/1
INFO: [ app_begin ] --START--
INFO: Run Behavior\ReadHtmlCacheBehavior [ RunTime:0.000461s ]
INFO: [ app_begin ] --END-- [ RunTime:0.000794s ]
SQL: SHOW COLUMNS FROM `php38_privilege` [ RunTime:0.0031s ]
SQL: SHOW COLUMNS FROM `php38_attribute` [ RunTime:0.0025s ]
SQL: SELECT * FROM `php38_attribute` WHERE `type_id` = '1'  [ RunTime:0.0002s ]
INFO: [ app_end ] --START--
INFO: Run Behavior\ShowPageTraceBehavior [ RunTime:0.000452s ]
INFO: [ app_end ] --END-- [ RunTime:0.000521s ]

[ 2016-08-05T12:03:56+08:00 ] 127.0.0.1 /index.php/Admin/Goods/ajaxGetAttr/type_id/1
INFO: [ app_begin ] --START--
INFO: Run Behavior\ReadHtmlCacheBehavior [ RunTime:0.000324s ]
INFO: [ app_begin ] --END-- [ RunTime:0.000616s ]
SQL: SHOW COLUMNS FROM `php38_privilege` [ RunTime:0.0027s ]
SQL: SHOW COLUMNS FROM `php38_attribute` [ RunTime:0.0029s ]
SQL: SELECT * FROM `php38_attribute` WHERE `type_id` = '1'  [ RunTime:0.0002s ]
INFO: [ app_end ] --START--
INFO: Run Behavior\ShowPageTraceBehavior [ RunTime:0.000460s ]
INFO: [ app_end ] --END-- [ RunTime:0.000585s ]

[ 2016-08-05T12:04:37+08:00 ] 127.0.0.1 /index.php/Admin/Goods/ajaxGetAttr/type_id/2
INFO: [ app_begin ] --START--
INFO: Run Behavior\ReadHtmlCacheBehavior [ RunTime:0.000450s ]
INFO: [ app_begin ] --END-- [ RunTime:0.000729s ]
SQL: SHOW COLUMNS FROM `php38_privilege` [ RunTime:0.0025s ]
SQL: SHOW COLUMNS FROM `php38_attribute` [ RunTime:0.0023s ]
SQL: SELECT * FROM `php38_attribute` WHERE `type_id` = '2'  [ RunTime:0.0002s ]
INFO: [ app_end ] --START--
INFO: Run Behavior\ShowPageTraceBehavior [ RunTime:0.000512s ]
INFO: [ app_end ] --END-- [ RunTime:0.000587s ]

[ 2016-08-05T12:04:39+08:00 ] 127.0.0.1 /index.php/Admin/Goods/ajaxGetAttr/type_id/1
INFO: [ app_begin ] --START--
INFO: Run Behavior\ReadHtmlCacheBehavior [ RunTime:0.000497s ]
INFO: [ app_begin ] --END-- [ RunTime:0.000775s ]
SQL: SHOW COLUMNS FROM `php38_privilege` [ RunTime:0.0026s ]
SQL: SHOW COLUMNS FROM `php38_attribute` [ RunTime:0.0021s ]
SQL: SELECT * FROM `php38_attribute` WHERE `type_id` = '1'  [ RunTime:0.0002s ]
INFO: [ app_end ] --START--
INFO: Run Behavior\ShowPageTraceBehavior [ RunTime:0.000492s ]
INFO: [ app_end ] --END-- [ RunTime:0.000568s ]

[ 2016-08-05T12:05:17+08:00 ] 127.0.0.1 /index.php/Admin/Goods/ajaxGetAttr/type_id/1
INFO: [ app_begin ] --START--
INFO: Run Behavior\ReadHtmlCacheBehavior [ RunTime:0.000396s ]
INFO: [ app_begin ] --END-- [ RunTime:0.000677s ]
SQL: SHOW COLUMNS FROM `php38_privilege` [ RunTime:0.0027s ]
SQL: SHOW COLUMNS FROM `php38_attribute` [ RunTime:0.0027s ]
SQL: SELECT * FROM `php38_attribute` WHERE `type_id` = '1'  [ RunTime:0.0002s ]
INFO: [ app_end ] --START--
INFO: Run Behavior\ShowPageTraceBehavior [ RunTime:0.000840s ]
INFO: [ app_end ] --END-- [ RunTime:0.000946s ]

[ 2016-08-05T12:05:42+08:00 ] 127.0.0.1 /index.php/Admin/Goods/ajaxGetAttr/type_id/
INFO: [ app_begin ] --START--
INFO: Run Behavior\ReadHtmlCacheBehavior [ RunTime:0.000436s ]
INFO: [ app_begin ] --END-- [ RunTime:0.000798s ]
SQL: SHOW COLUMNS FROM `php38_privilege` [ RunTime:0.0023s ]

[ 2016-08-05T12:05:43+08:00 ] 127.0.0.1 /index.php/Admin/Goods/ajaxGetAttr/type_id/1
INFO: [ app_begin ] --START--
INFO: Run Behavior\ReadHtmlCacheBehavior [ RunTime:0.000400s ]
INFO: [ app_begin ] --END-- [ RunTime:0.000678s ]
SQL: SHOW COLUMNS FROM `php38_privilege` [ RunTime:0.0024s ]
SQL: SHOW COLUMNS FROM `php38_attribute` [ RunTime:0.0021s ]
SQL: SELECT * FROM `php38_attribute` WHERE `type_id` = '1'  [ RunTime:0.0002s ]
INFO: [ app_end ] --START--
INFO: Run Behavior\ShowPageTraceBehavior [ RunTime:0.000433s ]
INFO: [ app_end ] --END-- [ RunTime:0.000509s ]

[ 2016-08-05T12:10:41+08:00 ] 127.0.0.1 /index.php/Admin/Goods/ajaxGetAttr/type_id/1
INFO: [ app_begin ] --START--
INFO: Run Behavior\ReadHtmlCacheBehavior [ RunTime:0.000402s ]
INFO: [ app_begin ] --END-- [ RunTime:0.000684s ]
SQL: SHOW COLUMNS FROM `php38_privilege` [ RunTime:0.0027s ]
SQL: SHOW COLUMNS FROM `php38_attribute` [ RunTime:0.0022s ]
SQL: SELECT * FROM `php38_attribute` WHERE `type_id` = '1'  [ RunTime:0.0002s ]
INFO: [ app_end ] --START--
INFO: Run Behavior\ShowPageTraceBehavior [ RunTime:0.000438s ]
INFO: [ app_end ] --END-- [ RunTime:0.000513s ]

[ 2016-08-05T12:18:50+08:00 ] 127.0.0.1 /index.php/Admin/Goods/ajaxGetAttr/type_id/1
INFO: [ app_begin ] --START--
INFO: Run Behavior\ReadHtmlCacheBehavior [ RunTime:0.000418s ]
INFO: [ app_begin ] --END-- [ RunTime:0.000698s ]
SQL: SHOW COLUMNS FROM `php38_privilege` [ RunTime:0.0026s ]
SQL: SHOW COLUMNS FROM `php38_attribute` [ RunTime:0.0021s ]
SQL: SELECT * FROM `php38_attribute` WHERE `type_id` = '1'  [ RunTime:0.0002s ]
INFO: [ app_end ] --START--
INFO: Run Behavior\ShowPageTraceBehavior [ RunTime:0.000443s ]
INFO: [ app_end ] --END-- [ RunTime:0.000518s ]

[ 2016-08-05T12:19:06+08:00 ] 127.0.0.1 /index.php/Admin/Goods/ajaxGetAttr/type_id/2
INFO: [ app_begin ] --START--
INFO: Run Behavior\ReadHtmlCacheBehavior [ RunTime:0.000400s ]
INFO: [ app_begin ] --END-- [ RunTime:0.000702s ]
SQL: SHOW COLUMNS FROM `php38_privilege` [ RunTime:0.0024s ]
SQL: SHOW COLUMNS FROM `php38_attribute` [ RunTime:0.0022s ]
SQL: SELECT * FROM `php38_attribute` WHERE `type_id` = '2'  [ RunTime:0.0002s ]
INFO: [ app_end ] --START--
INFO: Run Behavior\ShowPageTraceBehavior [ RunTime:0.000449s ]
INFO: [ app_end ] --END-- [ RunTime:0.000523s ]

[ 2016-08-05T12:19:07+08:00 ] 127.0.0.1 /index.php/Admin/Goods/ajaxGetAttr/type_id/3
INFO: [ app_begin ] --START--
INFO: Run Behavior\ReadHtmlCacheBehavior [ RunTime:0.000408s ]
INFO: [ app_begin ] --END-- [ RunTime:0.000779s ]
SQL: SHOW COLUMNS FROM `php38_privilege` [ RunTime:0.0025s ]
SQL: SHOW COLUMNS FROM `php38_attribute` [ RunTime:0.0020s ]
SQL: SELECT * FROM `php38_attribute` WHERE `type_id` = '3'  [ RunTime:0.0002s ]
INFO: [ app_end ] --START--
INFO: Run Behavior\ShowPageTraceBehavior [ RunTime:0.000429s ]
INFO: [ app_end ] --END-- [ RunTime:0.000505s ]

